<?xml version="1.0" encoding="UTF-8"?>
<coverage generated="1774105562565" clover="3.2.0">
  <project timestamp="1774105562565" name="All files">
    <metrics statements="325" coveredstatements="303" conditionals="172" coveredconditionals="129" methods="68" coveredmethods="62" elements="565" coveredelements="494" complexity="0" loc="325" ncloc="325" packages="1" files="7" classes="7"/>
    <file name="ClientService.ts" path="/home/guigomes/Área de trabalho/Projetos/Oficina/oficina-api/src/services/ClientService.ts">
      <metrics statements="11" coveredstatements="10" conditionals="2" coveredconditionals="2" methods="4" coveredmethods="3"/>
      <line num="1" count="1" type="stmt"/>
      <line num="13" count="1" type="stmt"/>
      <line num="17" count="2" type="stmt"/>
      <line num="21" count="2" type="cond" truecount="2" falsecount="0"/>
      <line num="22" count="1" type="stmt"/>
      <line num="25" count="1" type="stmt"/>
      <line num="27" count="1" type="stmt"/>
      <line num="29" count="1" type="stmt"/>
      <line num="33" count="1" type="stmt"/>
      <line num="37" count="1" type="stmt"/>
      <line num="41" count="0" type="stmt"/>
    </file>
    <file name="PartService.ts" path="/home/guigomes/Área de trabalho/Projetos/Oficina/oficina-api/src/services/PartService.ts">
      <metrics statements="13" coveredstatements="13" conditionals="4" coveredconditionals="4" methods="5" coveredmethods="5"/>
      <line num="2" count="1" type="stmt"/>
      <line num="12" count="1" type="stmt"/>
      <line num="14" count="1" type="stmt"/>
      <line num="15" count="1" type="stmt"/>
      <line num="19" count="1" type="stmt"/>
      <line num="23" count="5" type="stmt"/>
      <line num="27" count="2" type="stmt"/>
      <line num="28" count="2" type="cond" truecount="2" falsecount="0"/>
      <line num="29" count="1" type="stmt"/>
      <line num="30" count="1" type="stmt"/>
      <line num="34" count="2" type="stmt"/>
      <line num="35" count="2" type="cond" truecount="2" falsecount="0"/>
      <line num="36" count="1" type="stmt"/>
    </file>
    <file name="ServiceExecutionService.ts" path="/home/guigomes/Área de trabalho/Projetos/Oficina/oficina-api/src/services/ServiceExecutionService.ts">
      <metrics statements="80" coveredstatements="80" conditionals="40" coveredconditionals="32" methods="14" coveredmethods="14"/>
      <line num="1" count="1" type="stmt"/>
      <line num="2" count="1" type="stmt"/>
      <line num="3" count="1" type="stmt"/>
      <line num="16" count="1" type="stmt"/>
      <line num="18" count="3" type="stmt"/>
      <line num="23" count="3" type="cond" truecount="2" falsecount="0"/>
      <line num="25" count="2" type="stmt"/>
      <line num="26" count="4" type="stmt"/>
      <line num="33" count="4" type="cond" truecount="2" falsecount="0"/>
      <line num="34" count="3" type="stmt"/>
      <line num="44" count="3" type="stmt"/>
      <line num="51" count="3" type="cond" truecount="2" falsecount="0"/>
      <line num="52" count="1" type="stmt"/>
      <line num="59" count="2" type="cond" truecount="2" falsecount="0"/>
      <line num="60" count="1" type="stmt"/>
      <line num="62" count="1" type="stmt"/>
      <line num="63" count="1" type="stmt"/>
      <line num="66" count="2" type="stmt"/>
      <line num="70" count="3" type="stmt"/>
      <line num="78" count="3" type="cond" truecount="2" falsecount="0"/>
      <line num="79" count="1" type="stmt"/>
      <line num="82" count="2" type="cond" truecount="2" falsecount="0"/>
      <line num="83" count="1" type="stmt"/>
      <line num="86" count="1" type="stmt"/>
      <line num="87" count="1" type="stmt"/>
      <line num="88" count="1" type="stmt"/>
      <line num="90" count="1" type="cond" truecount="1" falsecount="1"/>
      <line num="91" count="1" type="stmt"/>
      <line num="92" count="1" type="stmt"/>
      <line num="95" count="1" type="stmt"/>
      <line num="96" count="1" type="stmt"/>
      <line num="98" count="1" type="stmt"/>
      <line num="102" count="1" type="stmt"/>
      <line num="106" count="1" type="stmt"/>
      <line num="107" count="1" type="stmt"/>
      <line num="109" count="1" type="cond" truecount="3" falsecount="1"/>
      <line num="110" count="1" type="stmt"/>
      <line num="114" count="1" type="cond" truecount="3" falsecount="1"/>
      <line num="115" count="1" type="stmt"/>
      <line num="116" count="1" type="stmt"/>
      <line num="117" count="1" type="stmt"/>
      <line num="123" count="2" type="stmt"/>
      <line num="131" count="2" type="cond" truecount="2" falsecount="0"/>
      <line num="132" count="1" type="stmt"/>
      <line num="142" count="2" type="cond" truecount="1" falsecount="1"/>
      <line num="143" count="2" type="stmt"/>
      <line num="144" count="1" type="stmt"/>
      <line num="146" count="1" type="stmt"/>
      <line num="157" count="1" type="stmt"/>
      <line num="165" count="1" type="stmt"/>
      <line num="167" count="1" type="stmt"/>
      <line num="168" count="3" type="cond" truecount="2" falsecount="0"/>
      <line num="169" count="2" type="stmt"/>
      <line num="176" count="3" type="stmt"/>
      <line num="177" count="3" type="cond" truecount="1" falsecount="1"/>
      <line num="180" count="1" type="stmt"/>
      <line num="181" count="1" type="stmt"/>
      <line num="182" count="3" type="stmt"/>
      <line num="183" count="2" type="stmt"/>
      <line num="194" count="1" type="stmt"/>
      <line num="198" count="1" type="stmt"/>
      <line num="204" count="1" type="stmt"/>
      <line num="208" count="1" type="stmt"/>
      <line num="218" count="1" type="stmt"/>
      <line num="231" count="3" type="stmt"/>
      <line num="241" count="2" type="stmt"/>
      <line num="243" count="2" type="stmt"/>
      <line num="245" count="2" type="stmt"/>
      <line num="246" count="2" type="stmt"/>
      <line num="247" count="2" type="cond" truecount="1" falsecount="1"/>
      <line num="249" count="2" type="cond" truecount="2" falsecount="0"/>
      <line num="250" count="1" type="stmt"/>
      <line num="258" count="2" type="stmt"/>
      <line num="259" count="2" type="stmt"/>
      <line num="260" count="2" type="cond" truecount="1" falsecount="1"/>
      <line num="261" count="2" type="stmt"/>
      <line num="268" count="2" type="stmt"/>
      <line num="269" count="2" type="stmt"/>
      <line num="270" count="1" type="stmt"/>
      <line num="279" count="2" type="stmt"/>
    </file>
    <file name="ServiceOrderService.ts" path="/home/guigomes/Área de trabalho/Projetos/Oficina/oficina-api/src/services/ServiceOrderService.ts">
      <metrics statements="176" coveredstatements="156" conditionals="112" coveredconditionals="78" methods="34" coveredmethods="30"/>
      <line num="1" count="1" type="stmt"/>
      <line num="2" count="1" type="stmt"/>
      <line num="3" count="1" type="stmt"/>
      <line num="4" count="1" type="stmt"/>
      <line num="5" count="1" type="stmt"/>
      <line num="6" count="1" type="stmt"/>
      <line num="7" count="1" type="stmt"/>
      <line num="10" count="1" type="stmt"/>
      <line num="11" count="1" type="stmt"/>
      <line num="14" count="2" type="cond" truecount="1" falsecount="1"/>
      <line num="15" count="2" type="stmt"/>
      <line num="16" count="2" type="cond" truecount="1" falsecount="1"/>
      <line num="17" count="2" type="stmt"/>
      <line num="18" count="2" type="stmt"/>
      <line num="22" count="2" type="cond" truecount="1" falsecount="1"/>
      <line num="23" count="2" type="stmt"/>
      <line num="25" count="2" type="stmt"/>
      <line num="26" count="1" type="stmt"/>
      <line num="29" count="2" type="stmt"/>
      <line num="33" count="6" type="stmt"/>
      <line num="35" count="6" type="cond" truecount="4" falsecount="0"/>
      <line num="36" count="1" type="stmt"/>
      <line num="39" count="5" type="stmt"/>
      <line num="44" count="3" type="stmt"/>
      <line num="46" count="3" type="stmt"/>
      <line num="48" count="3" type="cond" truecount="2" falsecount="0"/>
      <line num="49" count="1" type="stmt"/>
      <line num="52" count="2" type="stmt"/>
      <line num="55" count="1" type="stmt"/>
      <line num="58" count="6" type="cond" truecount="1" falsecount="1"/>
      <line num="59" count="6" type="stmt"/>
      <line num="62" count="5" type="cond" truecount="2" falsecount="0"/>
      <line num="63" count="3" type="stmt"/>
      <line num="66" count="4" type="stmt"/>
      <line num="71" count="4" type="cond" truecount="2" falsecount="0"/>
      <line num="72" count="2" type="cond" truecount="4" falsecount="1"/>
      <line num="73" count="0" type="stmt"/>
      <line num="76" count="2" type="stmt"/>
      <line num="83" count="2" type="cond" truecount="1" falsecount="1"/>
      <line num="84" count="0" type="stmt"/>
      <line num="87" count="2" type="stmt"/>
      <line num="95" count="2" type="stmt"/>
      <line num="103" count="2" type="stmt"/>
      <line num="105" count="2" type="stmt"/>
      <line num="111" count="2" type="cond" truecount="2" falsecount="0"/>
      <line num="112" count="1" type="stmt"/>
      <line num="119" count="1" type="cond" truecount="1" falsecount="1"/>
      <line num="120" count="0" type="stmt"/>
      <line num="123" count="1" type="stmt"/>
      <line num="131" count="1" type="stmt"/>
      <line num="133" count="1" type="stmt"/>
      <line num="139" count="1" type="cond" truecount="1" falsecount="1"/>
      <line num="140" count="0" type="stmt"/>
      <line num="145" count="0" type="cond" truecount="0" falsecount="2"/>
      <line num="146" count="0" type="cond" truecount="0" falsecount="2"/>
      <line num="147" count="0" type="stmt"/>
      <line num="154" count="0" type="stmt"/>
      <line num="156" count="0" type="stmt"/>
      <line num="161" count="0" type="stmt"/>
      <line num="164" count="0" type="cond" truecount="0" falsecount="5"/>
      <line num="165" count="0" type="stmt"/>
      <line num="168" count="0" type="stmt"/>
      <line num="176" count="0" type="stmt"/>
      <line num="184" count="0" type="stmt"/>
      <line num="186" count="0" type="stmt"/>
      <line num="193" count="1" type="stmt"/>
      <line num="204" count="1" type="cond" truecount="1" falsecount="1"/>
      <line num="217" count="4" type="stmt"/>
      <line num="224" count="4" type="cond" truecount="2" falsecount="0"/>
      <line num="225" count="1" type="stmt"/>
      <line num="228" count="3" type="stmt"/>
      <line num="232" count="3" type="cond" truecount="1" falsecount="1"/>
      <line num="234" count="3" type="cond" truecount="2" falsecount="0"/>
      <line num="235" count="1" type="stmt"/>
      <line num="238" count="2" type="cond" truecount="2" falsecount="0"/>
      <line num="239" count="1" type="stmt"/>
      <line num="242" count="1" type="stmt"/>
      <line num="243" count="1" type="stmt"/>
      <line num="244" count="1" type="stmt"/>
      <line num="245" count="1" type="stmt"/>
      <line num="247" count="1" type="stmt"/>
      <line num="249" count="1" type="stmt"/>
      <line num="256" count="2" type="stmt"/>
      <line num="261" count="2" type="cond" truecount="1" falsecount="1"/>
      <line num="262" count="2" type="cond" truecount="2" falsecount="0"/>
      <line num="263" count="1" type="stmt"/>
      <line num="266" count="1" type="cond" truecount="1" falsecount="1"/>
      <line num="270" count="1" type="cond" truecount="1" falsecount="1"/>
      <line num="274" count="1" type="stmt"/>
      <line num="285" count="1" type="stmt"/>
      <line num="289" count="3" type="stmt"/>
      <line num="298" count="3" type="cond" truecount="1" falsecount="1"/>
      <line num="299" count="3" type="cond" truecount="2" falsecount="0"/>
      <line num="300" count="1" type="stmt"/>
      <line num="303" count="2" type="stmt"/>
      <line num="305" count="2" type="stmt"/>
      <line num="306" count="2" type="stmt"/>
      <line num="308" count="2" type="stmt"/>
      <line num="310" count="2" type="cond" truecount="1" falsecount="1"/>
      <line num="311" count="1" type="stmt"/>
      <line num="312" count="1" type="stmt"/>
      <line num="323" count="2" type="cond" truecount="1" falsecount="1"/>
      <line num="324" count="1" type="stmt"/>
      <line num="325" count="0" type="stmt"/>
      <line num="336" count="2" type="stmt"/>
      <line num="347" count="5" type="stmt"/>
      <line num="356" count="5" type="cond" truecount="1" falsecount="1"/>
      <line num="357" count="5" type="cond" truecount="2" falsecount="0"/>
      <line num="359" count="4" type="cond" truecount="2" falsecount="0"/>
      <line num="360" count="1" type="stmt"/>
      <line num="363" count="3" type="cond" truecount="4" falsecount="0"/>
      <line num="364" count="1" type="stmt"/>
      <line num="368" count="2" type="cond" truecount="4" falsecount="0"/>
      <line num="371" count="1" type="stmt"/>
      <line num="372" count="1" type="stmt"/>
      <line num="374" count="2" type="stmt"/>
      <line num="375" count="2" type="stmt"/>
      <line num="377" count="2" type="stmt"/>
      <line num="378" count="3" type="cond" truecount="2" falsecount="0"/>
      <line num="380" count="2" type="cond" truecount="1" falsecount="1"/>
      <line num="381" count="2" type="stmt"/>
      <line num="384" count="2" type="cond" truecount="1" falsecount="1"/>
      <line num="385" count="1" type="stmt"/>
      <line num="389" count="2" type="stmt"/>
      <line num="390" count="2" type="stmt"/>
      <line num="393" count="2" type="cond" truecount="1" falsecount="1"/>
      <line num="398" count="2" type="cond" truecount="2" falsecount="0"/>
      <line num="402" count="2" type="stmt"/>
      <line num="403" count="2" type="stmt"/>
      <line num="407" count="2" type="stmt"/>
      <line num="408" count="1" type="stmt"/>
      <line num="412" count="2" type="stmt"/>
      <line num="414" count="2" type="stmt"/>
      <line num="415" count="2" type="stmt"/>
      <line num="416" count="2" type="stmt"/>
      <line num="417" count="2" type="stmt"/>
      <line num="418" count="2" type="stmt"/>
      <line num="419" count="2" type="stmt"/>
      <line num="421" count="2" type="stmt"/>
      <line num="423" count="2" type="stmt"/>
      <line num="424" count="2" type="stmt"/>
      <line num="426" count="2" type="stmt"/>
      <line num="431" count="2" type="stmt"/>
      <line num="435" count="2" type="cond" truecount="1" falsecount="1"/>
      <line num="440" count="1" type="cond" truecount="1" falsecount="1"/>
      <line num="447" count="1" type="stmt"/>
      <line num="460" count="2" type="stmt"/>
      <line num="462" count="1" type="stmt"/>
      <line num="463" count="1" type="stmt"/>
      <line num="468" count="2" type="stmt"/>
      <line num="484" count="2" type="cond" truecount="2" falsecount="0"/>
      <line num="486" count="1" type="stmt"/>
      <line num="488" count="0" type="stmt"/>
      <line num="489" count="0" type="stmt"/>
      <line num="490" count="0" type="stmt"/>
      <line num="499" count="3" type="stmt"/>
      <line num="508" count="3" type="cond" truecount="2" falsecount="0"/>
      <line num="509" count="1" type="stmt"/>
      <line num="512" count="2" type="stmt"/>
      <line num="513" count="2" type="cond" truecount="2" falsecount="0"/>
      <line num="515" count="1" type="stmt"/>
      <line num="516" count="1" type="stmt"/>
      <line num="520" count="3" type="stmt"/>
      <line num="521" count="3" type="cond" truecount="1" falsecount="1"/>
      <line num="522" count="3" type="cond" truecount="2" falsecount="0"/>
      <line num="523" count="2" type="cond" truecount="2" falsecount="0"/>
      <line num="524" count="1" type="stmt"/>
      <line num="527" count="1" type="stmt"/>
      <line num="528" count="1" type="stmt"/>
      <line num="529" count="1" type="stmt"/>
      <line num="533" count="2" type="stmt"/>
      <line num="534" count="2" type="cond" truecount="1" falsecount="1"/>
      <line num="535" count="2" type="cond" truecount="2" falsecount="0"/>
      <line num="536" count="1" type="stmt"/>
      <line num="539" count="1" type="stmt"/>
      <line num="540" count="1" type="stmt"/>
    </file>
    <file name="ServiceService.ts" path="/home/guigomes/Área de trabalho/Projetos/Oficina/oficina-api/src/services/ServiceService.ts">
      <metrics statements="13" coveredstatements="13" conditionals="4" coveredconditionals="4" methods="5" coveredmethods="5"/>
      <line num="2" count="1" type="stmt"/>
      <line num="11" count="1" type="stmt"/>
      <line num="13" count="3" type="stmt"/>
      <line num="14" count="3" type="stmt"/>
      <line num="18" count="2" type="stmt"/>
      <line num="22" count="6" type="stmt"/>
      <line num="26" count="2" type="stmt"/>
      <line num="27" count="2" type="cond" truecount="2" falsecount="0"/>
      <line num="28" count="1" type="stmt"/>
      <line num="29" count="1" type="stmt"/>
      <line num="33" count="2" type="stmt"/>
      <line num="34" count="2" type="cond" truecount="2" falsecount="0"/>
      <line num="35" count="1" type="stmt"/>
    </file>
    <file name="UserService.ts" path="/home/guigomes/Área de trabalho/Projetos/Oficina/oficina-api/src/services/UserService.ts">
      <metrics statements="20" coveredstatements="19" conditionals="6" coveredconditionals="5" methods="3" coveredmethods="2"/>
      <line num="1" count="1" type="stmt"/>
      <line num="2" count="1" type="stmt"/>
      <line num="3" count="1" type="stmt"/>
      <line num="5" count="1" type="stmt"/>
      <line num="7" count="1" type="stmt"/>
      <line num="9" count="2" type="stmt"/>
      <line num="11" count="2" type="stmt"/>
      <line num="12" count="2" type="cond" truecount="2" falsecount="0"/>
      <line num="13" count="1" type="stmt"/>
      <line num="16" count="1" type="stmt"/>
      <line num="18" count="1" type="stmt"/>
      <line num="25" count="1" type="stmt"/>
      <line num="29" count="2" type="stmt"/>
      <line num="30" count="2" type="cond" truecount="1" falsecount="1"/>
      <line num="32" count="2" type="stmt"/>
      <line num="33" count="2" type="cond" truecount="2" falsecount="0"/>
      <line num="35" count="1" type="stmt"/>
      <line num="37" count="1" type="stmt"/>
      <line num="38" count="1" type="stmt"/>
      <line num="42" count="0" type="stmt"/>
    </file>
    <file name="VehiclesService.ts" path="/home/guigomes/Área de trabalho/Projetos/Oficina/oficina-api/src/services/VehiclesService.ts">
      <metrics statements="12" coveredstatements="12" conditionals="4" coveredconditionals="4" methods="3" coveredmethods="3"/>
      <line num="2" count="1" type="stmt"/>
      <line num="3" count="1" type="stmt"/>
      <line num="13" count="1" type="stmt"/>
      <line num="16" count="3" type="stmt"/>
      <line num="17" count="3" type="cond" truecount="2" falsecount="0"/>
      <line num="19" count="2" type="stmt"/>
      <line num="20" count="2" type="cond" truecount="2" falsecount="0"/>
      <line num="22" count="1" type="stmt"/>
      <line num="23" count="1" type="stmt"/>
      <line num="24" count="1" type="stmt"/>
      <line num="28" count="2" type="stmt"/>
      <line num="32" count="2" type="stmt"/>
    </file>
  </project>
</coverage>
