{"/home/guigomes/Área de trabalho/Projetos/Oficina/oficina-api/src/services/ClientService.ts": {"path":"/home/guigomes/Área de trabalho/Projetos/Oficina/oficina-api/src/services/ClientService.ts","statementMap":{"0":{"start":{"line":1,"column":0},"end":{"line":1,"column":68}},"1":{"start":{"line":17,"column":19},"end":{"line":19,"column":6}},"2":{"start":{"line":21,"column":4},"end":{"line":23,"column":5}},"3":{"start":{"line":22,"column":6},"end":{"line":22,"column":47}},"4":{"start":{"line":25,"column":19},"end":{"line":25,"column":48}},"5":{"start":{"line":27,"column":4},"end":{"line":27,"column":40}},"6":{"start":{"line":29,"column":4},"end":{"line":29,"column":18}},"7":{"start":{"line":33,"column":4},"end":{"line":33,"column":72}},"8":{"start":{"line":37,"column":4},"end":{"line":37,"column":90}},"9":{"start":{"line":41,"column":4},"end":{"line":41,"column":96}},"10":{"start":{"line":13,"column":0},"end":{"line":13,"column":13}}},"fnMap":{"0":{"name":"(anonymous_0)","decl":{"start":{"line":15,"column":2},"end":{"line":15,"column":7}},"loc":{"start":{"line":15,"column":37},"end":{"line":30,"column":3}}},"1":{"name":"(anonymous_1)","decl":{"start":{"line":32,"column":2},"end":{"line":32,"column":7}},"loc":{"start":{"line":32,"column":12},"end":{"line":34,"column":3}}},"2":{"name":"(anonymous_2)","decl":{"start":{"line":36,"column":2},"end":{"line":36,"column":7}},"loc":{"start":{"line":36,"column":26},"end":{"line":38,"column":3}}},"3":{"name":"(anonymous_3)","decl":{"start":{"line":40,"column":2},"end":{"line":40,"column":7}},"loc":{"start":{"line":40,"column":38},"end":{"line":42,"column":3}}}},"branchMap":{"0":{"loc":{"start":{"line":21,"column":4},"end":{"line":23,"column":5}},"type":"if","locations":[{"start":{"line":21,"column":4},"end":{"line":23,"column":5}},{"start":{},"end":{}}]}},"s":{"0":1,"1":2,"2":2,"3":1,"4":1,"5":1,"6":1,"7":1,"8":1,"9":0,"10":1},"f":{"0":2,"1":1,"2":1,"3":0},"b":{"0":[1,1]}}
,"/home/guigomes/Área de trabalho/Projetos/Oficina/oficina-api/src/services/PartService.ts": {"path":"/home/guigomes/Área de trabalho/Projetos/Oficina/oficina-api/src/services/PartService.ts","statementMap":{"0":{"start":{"line":2,"column":0},"end":{"line":2,"column":64}},"1":{"start":{"line":14,"column":17},"end":{"line":14,"column":44}},"2":{"start":{"line":15,"column":4},"end":{"line":15,"column":37}},"3":{"start":{"line":19,"column":4},"end":{"line":19,"column":33}},"4":{"start":{"line":23,"column":4},"end":{"line":23,"column":53}},"5":{"start":{"line":27,"column":17},"end":{"line":27,"column":39}},"6":{"start":{"line":28,"column":4},"end":{"line":28,"column":54}},"7":{"start":{"line":28,"column":15},"end":{"line":28,"column":54}},"8":{"start":{"line":29,"column":4},"end":{"line":29,"column":37}},"9":{"start":{"line":30,"column":4},"end":{"line":30,"column":37}},"10":{"start":{"line":34,"column":17},"end":{"line":34,"column":39}},"11":{"start":{"line":35,"column":4},"end":{"line":35,"column":54}},"12":{"start":{"line":35,"column":15},"end":{"line":35,"column":54}},"13":{"start":{"line":36,"column":4},"end":{"line":36,"column":39}},"14":{"start":{"line":12,"column":0},"end":{"line":12,"column":13}}},"fnMap":{"0":{"name":"(anonymous_0)","decl":{"start":{"line":13,"column":2},"end":{"line":13,"column":7}},"loc":{"start":{"line":13,"column":34},"end":{"line":16,"column":3}}},"1":{"name":"(anonymous_1)","decl":{"start":{"line":18,"column":2},"end":{"line":18,"column":7}},"loc":{"start":{"line":18,"column":12},"end":{"line":20,"column":3}}},"2":{"name":"(anonymous_2)","decl":{"start":{"line":22,"column":2},"end":{"line":22,"column":7}},"loc":{"start":{"line":22,"column":26},"end":{"line":24,"column":3}}},"3":{"name":"(anonymous_3)","decl":{"start":{"line":26,"column":2},"end":{"line":26,"column":7}},"loc":{"start":{"line":26,"column":55},"end":{"line":31,"column":3}}},"4":{"name":"(anonymous_4)","decl":{"start":{"line":33,"column":2},"end":{"line":33,"column":7}},"loc":{"start":{"line":33,"column":25},"end":{"line":37,"column":3}}}},"branchMap":{"0":{"loc":{"start":{"line":28,"column":4},"end":{"line":28,"column":54}},"type":"if","locations":[{"start":{"line":28,"column":4},"end":{"line":28,"column":54}},{"start":{},"end":{}}]},"1":{"loc":{"start":{"line":35,"column":4},"end":{"line":35,"column":54}},"type":"if","locations":[{"start":{"line":35,"column":4},"end":{"line":35,"column":54}},{"start":{},"end":{}}]}},"s":{"0":1,"1":1,"2":1,"3":1,"4":5,"5":2,"6":2,"7":1,"8":1,"9":1,"10":2,"11":2,"12":1,"13":1,"14":1},"f":{"0":1,"1":1,"2":5,"3":2,"4":2},"b":{"0":[1,1],"1":[1,1]}}
,"/home/guigomes/Área de trabalho/Projetos/Oficina/oficina-api/src/services/ServiceExecutionService.ts": {"path":"/home/guigomes/Área de trabalho/Projetos/Oficina/oficina-api/src/services/ServiceExecutionService.ts","statementMap":{"0":{"start":{"line":1,"column":0},"end":{"line":1,"column":88}},"1":{"start":{"line":2,"column":0},"end":{"line":2,"column":80}},"2":{"start":{"line":3,"column":0},"end":{"line":3,"column":43}},"3":{"start":{"line":18,"column":18},"end":{"line":21,"column":6}},"4":{"start":{"line":23,"column":4},"end":{"line":23,"column":56}},"5":{"start":{"line":23,"column":16},"end":{"line":23,"column":56}},"6":{"start":{"line":25,"column":4},"end":{"line":40,"column":5}},"7":{"start":{"line":26,"column":21},"end":{"line":31,"column":8}},"8":{"start":{"line":33,"column":6},"end":{"line":39,"column":7}},"9":{"start":{"line":34,"column":8},"end":{"line":38,"column":11}},"10":{"start":{"line":44,"column":20},"end":{"line":49,"column":6}},"11":{"start":{"line":51,"column":4},"end":{"line":64,"column":5}},"12":{"start":{"line":52,"column":6},"end":{"line":57,"column":9}},"13":{"start":{"line":59,"column":6},"end":{"line":61,"column":7}},"14":{"start":{"line":60,"column":8},"end":{"line":60,"column":57}},"15":{"start":{"line":62,"column":6},"end":{"line":62,"column":39}},"16":{"start":{"line":63,"column":6},"end":{"line":63,"column":40}},"17":{"start":{"line":66,"column":4},"end":{"line":66,"column":60}},"18":{"start":{"line":70,"column":22},"end":{"line":76,"column":6}},"19":{"start":{"line":78,"column":4},"end":{"line":80,"column":5}},"20":{"start":{"line":79,"column":6},"end":{"line":79,"column":49}},"21":{"start":{"line":82,"column":4},"end":{"line":84,"column":5}},"22":{"start":{"line":83,"column":6},"end":{"line":83,"column":50}},"23":{"start":{"line":86,"column":4},"end":{"line":86,"column":38}},"24":{"start":{"line":87,"column":4},"end":{"line":87,"column":35}},"25":{"start":{"line":88,"column":4},"end":{"line":88,"column":47}},"26":{"start":{"line":90,"column":4},"end":{"line":93,"column":5}},"27":{"start":{"line":91,"column":25},"end":{"line":91,"column":87}},"28":{"start":{"line":92,"column":6},"end":{"line":92,"column":65}},"29":{"start":{"line":95,"column":4},"end":{"line":95,"column":53}},"30":{"start":{"line":96,"column":4},"end":{"line":96,"column":56}},"31":{"start":{"line":98,"column":4},"end":{"line":98,"column":21}},"32":{"start":{"line":102,"column":23},"end":{"line":104,"column":6}},"33":{"start":{"line":106,"column":18},"end":{"line":106,"column":35}},"34":{"start":{"line":107,"column":22},"end":{"line":107,"column":77}},"35":{"start":{"line":107,"column":45},"end":{"line":107,"column":69}},"36":{"start":{"line":109,"column":4},"end":{"line":119,"column":5}},"37":{"start":{"line":110,"column":20},"end":{"line":112,"column":8}},"38":{"start":{"line":114,"column":6},"end":{"line":118,"column":7}},"39":{"start":{"line":115,"column":8},"end":{"line":115,"column":36}},"40":{"start":{"line":116,"column":8},"end":{"line":116,"column":38}},"41":{"start":{"line":117,"column":8},"end":{"line":117,"column":49}},"42":{"start":{"line":123,"column":23},"end":{"line":129,"column":6}},"43":{"start":{"line":131,"column":4},"end":{"line":140,"column":5}},"44":{"start":{"line":132,"column":6},"end":{"line":139,"column":8}},"45":{"start":{"line":142,"column":22},"end":{"line":142,"column":65}},"46":{"start":{"line":142,"column":42},"end":{"line":142,"column":64}},"47":{"start":{"line":143,"column":18},"end":{"line":143,"column":58}},"48":{"start":{"line":143,"column":47},"end":{"line":143,"column":54}},"49":{"start":{"line":144,"column":20},"end":{"line":144,"column":45}},"50":{"start":{"line":146,"column":4},"end":{"line":153,"column":6}},"51":{"start":{"line":157,"column":23},"end":{"line":163,"column":6}},"52":{"start":{"line":165,"column":24},"end":{"line":165,"column":33}},"53":{"start":{"line":167,"column":4},"end":{"line":178,"column":5}},"54":{"start":{"line":168,"column":6},"end":{"line":175,"column":7}},"55":{"start":{"line":169,"column":8},"end":{"line":174,"column":11}},"56":{"start":{"line":176,"column":22},"end":{"line":176,"column":53}},"57":{"start":{"line":177,"column":6},"end":{"line":177,"column":56}},"58":{"start":{"line":180,"column":19},"end":{"line":180,"column":21}},"59":{"start":{"line":181,"column":4},"end":{"line":192,"column":5}},"60":{"start":{"line":182,"column":18},"end":{"line":182,"column":83}},"61":{"start":{"line":182,"column":50},"end":{"line":182,"column":55}},"62":{"start":{"line":183,"column":6},"end":{"line":191,"column":9}},"63":{"start":{"line":194,"column":4},"end":{"line":194,"column":18}},"64":{"start":{"line":198,"column":23},"end":{"line":202,"column":6}},"65":{"start":{"line":204,"column":18},"end":{"line":206,"column":6}},"66":{"start":{"line":208,"column":4},"end":{"line":227,"column":6}},"67":{"start":{"line":218,"column":37},"end":{"line":226,"column":8}},"68":{"start":{"line":231,"column":4},"end":{"line":237,"column":7}},"69":{"start":{"line":241,"column":23},"end":{"line":241,"column":75}},"70":{"start":{"line":243,"column":24},"end":{"line":243,"column":33}},"71":{"start":{"line":245,"column":4},"end":{"line":266,"column":5}},"72":{"start":{"line":246,"column":25},"end":{"line":246,"column":54}},"73":{"start":{"line":247,"column":6},"end":{"line":247,"column":32}},"74":{"start":{"line":247,"column":23},"end":{"line":247,"column":32}},"75":{"start":{"line":249,"column":6},"end":{"line":256,"column":7}},"76":{"start":{"line":250,"column":8},"end":{"line":255,"column":11}},"77":{"start":{"line":258,"column":19},"end":{"line":258,"column":46}},"78":{"start":{"line":259,"column":6},"end":{"line":259,"column":27}},"79":{"start":{"line":260,"column":6},"end":{"line":260,"column":54}},"80":{"start":{"line":261,"column":6},"end":{"line":265,"column":9}},"81":{"start":{"line":268,"column":19},"end":{"line":268,"column":21}},"82":{"start":{"line":269,"column":4},"end":{"line":277,"column":5}},"83":{"start":{"line":270,"column":6},"end":{"line":276,"column":9}},"84":{"start":{"line":279,"column":4},"end":{"line":279,"column":18}},"85":{"start":{"line":16,"column":0},"end":{"line":16,"column":13}}},"fnMap":{"0":{"name":"(anonymous_0)","decl":{"start":{"line":17,"column":2},"end":{"line":17,"column":7}},"loc":{"start":{"line":17,"column":64},"end":{"line":41,"column":3}}},"1":{"name":"(anonymous_1)","decl":{"start":{"line":43,"column":2},"end":{"line":43,"column":7}},"loc":{"start":{"line":43,"column":42},"end":{"line":67,"column":3}}},"2":{"name":"(anonymous_2)","decl":{"start":{"line":69,"column":2},"end":{"line":69,"column":7}},"loc":{"start":{"line":69,"column":44},"end":{"line":99,"column":3}}},"3":{"name":"(anonymous_3)","decl":{"start":{"line":101,"column":10},"end":{"line":101,"column":15}},"loc":{"start":{"line":101,"column":58},"end":{"line":120,"column":3}}},"4":{"name":"(anonymous_4)","decl":{"start":{"line":107,"column":40},"end":{"line":107,"column":41}},"loc":{"start":{"line":107,"column":45},"end":{"line":107,"column":69}}},"5":{"name":"(anonymous_5)","decl":{"start":{"line":122,"column":2},"end":{"line":122,"column":7}},"loc":{"start":{"line":122,"column":49},"end":{"line":154,"column":3}}},"6":{"name":"(anonymous_6)","decl":{"start":{"line":142,"column":37},"end":{"line":142,"column":38}},"loc":{"start":{"line":142,"column":42},"end":{"line":142,"column":64}}},"7":{"name":"(anonymous_7)","decl":{"start":{"line":143,"column":35},"end":{"line":143,"column":36}},"loc":{"start":{"line":143,"column":47},"end":{"line":143,"column":54}}},"8":{"name":"(anonymous_8)","decl":{"start":{"line":156,"column":2},"end":{"line":156,"column":7}},"loc":{"start":{"line":156,"column":29},"end":{"line":195,"column":3}}},"9":{"name":"(anonymous_9)","decl":{"start":{"line":182,"column":40},"end":{"line":182,"column":41}},"loc":{"start":{"line":182,"column":50},"end":{"line":182,"column":55}}},"10":{"name":"(anonymous_10)","decl":{"start":{"line":197,"column":2},"end":{"line":197,"column":7}},"loc":{"start":{"line":197,"column":54},"end":{"line":228,"column":3}}},"11":{"name":"(anonymous_11)","decl":{"start":{"line":218,"column":31},"end":{"line":218,"column":32}},"loc":{"start":{"line":218,"column":37},"end":{"line":226,"column":8}}},"12":{"name":"(anonymous_12)","decl":{"start":{"line":230,"column":2},"end":{"line":230,"column":7}},"loc":{"start":{"line":230,"column":60},"end":{"line":238,"column":3}}},"13":{"name":"(anonymous_13)","decl":{"start":{"line":240,"column":2},"end":{"line":240,"column":7}},"loc":{"start":{"line":240,"column":60},"end":{"line":280,"column":3}}}},"branchMap":{"0":{"loc":{"start":{"line":23,"column":4},"end":{"line":23,"column":56}},"type":"if","locations":[{"start":{"line":23,"column":4},"end":{"line":23,"column":56}},{"start":{},"end":{}}]},"1":{"loc":{"start":{"line":33,"column":6},"end":{"line":39,"column":7}},"type":"if","locations":[{"start":{"line":33,"column":6},"end":{"line":39,"column":7}},{"start":{},"end":{}}]},"2":{"loc":{"start":{"line":51,"column":4},"end":{"line":64,"column":5}},"type":"if","locations":[{"start":{"line":51,"column":4},"end":{"line":64,"column":5}},{"start":{"line":58,"column":11},"end":{"line":64,"column":5}}]},"3":{"loc":{"start":{"line":59,"column":6},"end":{"line":61,"column":7}},"type":"if","locations":[{"start":{"line":59,"column":6},"end":{"line":61,"column":7}},{"start":{},"end":{}}]},"4":{"loc":{"start":{"line":78,"column":4},"end":{"line":80,"column":5}},"type":"if","locations":[{"start":{"line":78,"column":4},"end":{"line":80,"column":5}},{"start":{},"end":{}}]},"5":{"loc":{"start":{"line":82,"column":4},"end":{"line":84,"column":5}},"type":"if","locations":[{"start":{"line":82,"column":4},"end":{"line":84,"column":5}},{"start":{},"end":{}}]},"6":{"loc":{"start":{"line":90,"column":4},"end":{"line":93,"column":5}},"type":"if","locations":[{"start":{"line":90,"column":4},"end":{"line":93,"column":5}},{"start":{},"end":{}}]},"7":{"loc":{"start":{"line":109,"column":4},"end":{"line":119,"column":5}},"type":"if","locations":[{"start":{"line":109,"column":4},"end":{"line":119,"column":5}},{"start":{},"end":{}}]},"8":{"loc":{"start":{"line":109,"column":8},"end":{"line":109,"column":40}},"type":"binary-expr","locations":[{"start":{"line":109,"column":8},"end":{"line":109,"column":17}},{"start":{"line":109,"column":21},"end":{"line":109,"column":40}}]},"9":{"loc":{"start":{"line":114,"column":6},"end":{"line":118,"column":7}},"type":"if","locations":[{"start":{"line":114,"column":6},"end":{"line":118,"column":7}},{"start":{},"end":{}}]},"10":{"loc":{"start":{"line":114,"column":10},"end":{"line":114,"column":49}},"type":"binary-expr","locations":[{"start":{"line":114,"column":10},"end":{"line":114,"column":15}},{"start":{"line":114,"column":19},"end":{"line":114,"column":49}}]},"11":{"loc":{"start":{"line":131,"column":4},"end":{"line":140,"column":5}},"type":"if","locations":[{"start":{"line":131,"column":4},"end":{"line":140,"column":5}},{"start":{},"end":{}}]},"12":{"loc":{"start":{"line":142,"column":42},"end":{"line":142,"column":64}},"type":"binary-expr","locations":[{"start":{"line":142,"column":42},"end":{"line":142,"column":59}},{"start":{"line":142,"column":63},"end":{"line":142,"column":64}}]},"13":{"loc":{"start":{"line":168,"column":6},"end":{"line":175,"column":7}},"type":"if","locations":[{"start":{"line":168,"column":6},"end":{"line":175,"column":7}},{"start":{},"end":{}}]},"14":{"loc":{"start":{"line":177,"column":29},"end":{"line":177,"column":54}},"type":"binary-expr","locations":[{"start":{"line":177,"column":29},"end":{"line":177,"column":49}},{"start":{"line":177,"column":53},"end":{"line":177,"column":54}}]},"15":{"loc":{"start":{"line":214,"column":23},"end":{"line":216,"column":16}},"type":"cond-expr","locations":[{"start":{"line":215,"column":12},"end":{"line":215,"column":88}},{"start":{"line":216,"column":12},"end":{"line":216,"column":16}}]},"16":{"loc":{"start":{"line":214,"column":23},"end":{"line":214,"column":60}},"type":"binary-expr","locations":[{"start":{"line":214,"column":23},"end":{"line":214,"column":39}},{"start":{"line":214,"column":43},"end":{"line":214,"column":60}}]},"17":{"loc":{"start":{"line":247,"column":6},"end":{"line":247,"column":32}},"type":"if","locations":[{"start":{"line":247,"column":6},"end":{"line":247,"column":32}},{"start":{},"end":{}}]},"18":{"loc":{"start":{"line":249,"column":6},"end":{"line":256,"column":7}},"type":"if","locations":[{"start":{"line":249,"column":6},"end":{"line":256,"column":7}},{"start":{},"end":{}}]},"19":{"loc":{"start":{"line":260,"column":28},"end":{"line":260,"column":53}},"type":"binary-expr","locations":[{"start":{"line":260,"column":28},"end":{"line":260,"column":48}},{"start":{"line":260,"column":52},"end":{"line":260,"column":53}}]}},"s":{"0":1,"1":1,"2":1,"3":3,"4":3,"5":1,"6":2,"7":4,"8":4,"9":3,"10":3,"11":3,"12":1,"13":2,"14":1,"15":1,"16":1,"17":2,"18":3,"19":3,"20":1,"21":2,"22":1,"23":1,"24":1,"25":1,"26":1,"27":1,"28":1,"29":1,"30":1,"31":1,"32":1,"33":1,"34":1,"35":1,"36":1,"37":1,"38":1,"39":1,"40":1,"41":1,"42":2,"43":2,"44":1,"45":1,"46":2,"47":1,"48":2,"49":1,"50":1,"51":1,"52":1,"53":1,"54":3,"55":2,"56":3,"57":3,"58":1,"59":1,"60":2,"61":3,"62":2,"63":1,"64":1,"65":1,"66":1,"67":1,"68":3,"69":2,"70":2,"71":2,"72":2,"73":2,"74":0,"75":2,"76":1,"77":2,"78":2,"79":2,"80":2,"81":2,"82":2,"83":1,"84":2,"85":1},"f":{"0":3,"1":3,"2":3,"3":1,"4":1,"5":2,"6":2,"7":2,"8":1,"9":3,"10":1,"11":1,"12":3,"13":2},"b":{"0":[1,2],"1":[3,1],"2":[1,2],"3":[1,1],"4":[1,2],"5":[1,1],"6":[1,0],"7":[1,0],"8":[1,1],"9":[1,0],"10":[1,1],"11":[1,1],"12":[2,0],"13":[2,1],"14":[3,0],"15":[1,0],"16":[1,1],"17":[0,2],"18":[1,1],"19":[2,0]}}
,"/home/guigomes/Área de trabalho/Projetos/Oficina/oficina-api/src/services/ServiceOrderService.ts": {"path":"/home/guigomes/Área de trabalho/Projetos/Oficina/oficina-api/src/services/ServiceOrderService.ts","statementMap":{"0":{"start":{"line":1,"column":0},"end":{"line":1,"column":68}},"1":{"start":{"line":2,"column":0},"end":{"line":2,"column":70}},"2":{"start":{"line":3,"column":0},"end":{"line":3,"column":70}},"3":{"start":{"line":4,"column":0},"end":{"line":4,"column":64}},"4":{"start":{"line":5,"column":0},"end":{"line":5,"column":80}},"5":{"start":{"line":6,"column":0},"end":{"line":6,"column":64}},"6":{"start":{"line":7,"column":0},"end":{"line":7,"column":76}},"7":{"start":{"line":10,"column":0},"end":{"line":10,"column":68}},"8":{"start":{"line":11,"column":0},"end":{"line":11,"column":47}},"9":{"start":{"line":14,"column":24},"end":{"line":15,"column":68}},"10":{"start":{"line":15,"column":38},"end":{"line":15,"column":59}},"11":{"start":{"line":16,"column":21},"end":{"line":17,"column":68}},"12":{"start":{"line":17,"column":38},"end":{"line":17,"column":59}},"13":{"start":{"line":18,"column":2},"end":{"line":18,"column":36}},"14":{"start":{"line":22,"column":30},"end":{"line":22,"column":85}},"15":{"start":{"line":22,"column":61},"end":{"line":22,"column":78}},"16":{"start":{"line":23,"column":14},"end":{"line":23,"column":15}},"17":{"start":{"line":25,"column":2},"end":{"line":27,"column":3}},"18":{"start":{"line":26,"column":4},"end":{"line":26,"column":50}},"19":{"start":{"line":29,"column":2},"end":{"line":29,"column":15}},"20":{"start":{"line":33,"column":18},"end":{"line":33,"column":45}},"21":{"start":{"line":35,"column":2},"end":{"line":37,"column":3}},"22":{"start":{"line":36,"column":4},"end":{"line":36,"column":44}},"23":{"start":{"line":39,"column":2},"end":{"line":39,"column":17}},"24":{"start":{"line":44,"column":21},"end":{"line":44,"column":66}},"25":{"start":{"line":46,"column":21},"end":{"line":46,"column":54}},"26":{"start":{"line":48,"column":2},"end":{"line":50,"column":3}},"27":{"start":{"line":49,"column":4},"end":{"line":49,"column":49}},"28":{"start":{"line":52,"column":2},"end":{"line":52,"column":20}},"29":{"start":{"line":58,"column":2},"end":{"line":60,"column":3}},"30":{"start":{"line":59,"column":4},"end":{"line":59,"column":66}},"31":{"start":{"line":62,"column":2},"end":{"line":64,"column":3}},"32":{"start":{"line":63,"column":4},"end":{"line":63,"column":59}},"33":{"start":{"line":66,"column":17},"end":{"line":69,"column":6}},"34":{"start":{"line":71,"column":4},"end":{"line":109,"column":5}},"35":{"start":{"line":72,"column":6},"end":{"line":74,"column":7}},"36":{"start":{"line":73,"column":8},"end":{"line":73,"column":117}},"37":{"start":{"line":76,"column":6},"end":{"line":81,"column":9}},"38":{"start":{"line":83,"column":6},"end":{"line":85,"column":7}},"39":{"start":{"line":84,"column":8},"end":{"line":84,"column":69}},"40":{"start":{"line":87,"column":22},"end":{"line":93,"column":8}},"41":{"start":{"line":95,"column":20},"end":{"line":101,"column":8}},"42":{"start":{"line":103,"column":25},"end":{"line":103,"column":65}},"43":{"start":{"line":105,"column":6},"end":{"line":108,"column":9}},"44":{"start":{"line":111,"column":4},"end":{"line":213,"column":5}},"45":{"start":{"line":112,"column":22},"end":{"line":117,"column":8}},"46":{"start":{"line":119,"column":6},"end":{"line":121,"column":7}},"47":{"start":{"line":120,"column":8},"end":{"line":120,"column":81}},"48":{"start":{"line":123,"column":20},"end":{"line":129,"column":8}},"49":{"start":{"line":131,"column":25},"end":{"line":131,"column":65}},"50":{"start":{"line":133,"column":6},"end":{"line":136,"column":9}},"51":{"start":{"line":139,"column":9},"end":{"line":213,"column":5}},"52":{"start":{"line":140,"column":30},"end":{"line":143,"column":8}},"53":{"start":{"line":145,"column":6},"end":{"line":163,"column":7}},"54":{"start":{"line":146,"column":8},"end":{"line":162,"column":9}},"55":{"start":{"line":147,"column":24},"end":{"line":153,"column":12}},"56":{"start":{"line":154,"column":29},"end":{"line":154,"column":69}},"57":{"start":{"line":156,"column":10},"end":{"line":159,"column":13}},"58":{"start":{"line":161,"column":10},"end":{"line":161,"column":80}},"59":{"start":{"line":164,"column":6},"end":{"line":166,"column":7}},"60":{"start":{"line":165,"column":8},"end":{"line":165,"column":101}},"61":{"start":{"line":168,"column":22},"end":{"line":174,"column":8}},"62":{"start":{"line":176,"column":20},"end":{"line":182,"column":8}},"63":{"start":{"line":184,"column":25},"end":{"line":184,"column":65}},"64":{"start":{"line":186,"column":6},"end":{"line":189,"column":9}},"65":{"start":{"line":193,"column":6},"end":{"line":212,"column":8}},"66":{"start":{"line":204,"column":47},"end":{"line":210,"column":12}},"67":{"start":{"line":217,"column":21},"end":{"line":222,"column":6}},"68":{"start":{"line":224,"column":4},"end":{"line":226,"column":5}},"69":{"start":{"line":225,"column":6},"end":{"line":225,"column":67}},"70":{"start":{"line":228,"column":18},"end":{"line":230,"column":6}},"71":{"start":{"line":232,"column":4},"end":{"line":232,"column":67}},"72":{"start":{"line":232,"column":16},"end":{"line":232,"column":67}},"73":{"start":{"line":234,"column":4},"end":{"line":236,"column":5}},"74":{"start":{"line":235,"column":6},"end":{"line":235,"column":76}},"75":{"start":{"line":238,"column":4},"end":{"line":240,"column":5}},"76":{"start":{"line":239,"column":6},"end":{"line":239,"column":66}},"77":{"start":{"line":242,"column":4},"end":{"line":242,"column":36}},"78":{"start":{"line":243,"column":4},"end":{"line":243,"column":30}},"79":{"start":{"line":244,"column":4},"end":{"line":244,"column":34}},"80":{"start":{"line":245,"column":4},"end":{"line":245,"column":33}},"81":{"start":{"line":247,"column":23},"end":{"line":247,"column":63}},"82":{"start":{"line":249,"column":4},"end":{"line":252,"column":7}},"83":{"start":{"line":256,"column":18},"end":{"line":259,"column":6}},"84":{"start":{"line":261,"column":4},"end":{"line":261,"column":67}},"85":{"start":{"line":261,"column":16},"end":{"line":261,"column":67}},"86":{"start":{"line":262,"column":4},"end":{"line":264,"column":5}},"87":{"start":{"line":263,"column":6},"end":{"line":263,"column":87}},"88":{"start":{"line":266,"column":32},"end":{"line":268,"column":10}},"89":{"start":{"line":270,"column":29},"end":{"line":272,"column":10}},"90":{"start":{"line":274,"column":23},"end":{"line":283,"column":6}},"91":{"start":{"line":285,"column":4},"end":{"line":285,"column":55}},"92":{"start":{"line":289,"column":18},"end":{"line":296,"column":6}},"93":{"start":{"line":298,"column":4},"end":{"line":298,"column":67}},"94":{"start":{"line":298,"column":16},"end":{"line":298,"column":67}},"95":{"start":{"line":299,"column":4},"end":{"line":301,"column":5}},"96":{"start":{"line":300,"column":6},"end":{"line":300,"column":66}},"97":{"start":{"line":303,"column":19},"end":{"line":303,"column":62}},"98":{"start":{"line":305,"column":4},"end":{"line":305,"column":42}},"99":{"start":{"line":306,"column":4},"end":{"line":306,"column":26}},"100":{"start":{"line":308,"column":4},"end":{"line":308,"column":45}},"101":{"start":{"line":310,"column":24},"end":{"line":321,"column":15}},"102":{"start":{"line":311,"column":20},"end":{"line":311,"column":37}},"103":{"start":{"line":312,"column":17},"end":{"line":321,"column":8}},"104":{"start":{"line":323,"column":26},"end":{"line":334,"column":15}},"105":{"start":{"line":324,"column":20},"end":{"line":324,"column":38}},"106":{"start":{"line":325,"column":17},"end":{"line":334,"column":8}},"107":{"start":{"line":336,"column":4},"end":{"line":344,"column":6}},"108":{"start":{"line":347,"column":18},"end":{"line":354,"column":6}},"109":{"start":{"line":356,"column":4},"end":{"line":356,"column":67}},"110":{"start":{"line":356,"column":16},"end":{"line":356,"column":67}},"111":{"start":{"line":357,"column":4},"end":{"line":357,"column":65}},"112":{"start":{"line":357,"column":24},"end":{"line":357,"column":65}},"113":{"start":{"line":359,"column":4},"end":{"line":361,"column":5}},"114":{"start":{"line":360,"column":6},"end":{"line":360,"column":66}},"115":{"start":{"line":363,"column":4},"end":{"line":365,"column":5}},"116":{"start":{"line":364,"column":6},"end":{"line":364,"column":68}},"117":{"start":{"line":368,"column":6},"end":{"line":372,"column":27}},"118":{"start":{"line":371,"column":25},"end":{"line":371,"column":42}},"119":{"start":{"line":372,"column":22},"end":{"line":372,"column":26}},"120":{"start":{"line":374,"column":23},"end":{"line":374,"column":40}},"121":{"start":{"line":375,"column":20},"end":{"line":375,"column":37}},"122":{"start":{"line":377,"column":4},"end":{"line":387,"column":5}},"123":{"start":{"line":378,"column":6},"end":{"line":378,"column":55}},"124":{"start":{"line":378,"column":46},"end":{"line":378,"column":55}},"125":{"start":{"line":380,"column":6},"end":{"line":382,"column":7}},"126":{"start":{"line":381,"column":8},"end":{"line":381,"column":35}},"127":{"start":{"line":384,"column":6},"end":{"line":386,"column":7}},"128":{"start":{"line":385,"column":8},"end":{"line":385,"column":29}},"129":{"start":{"line":389,"column":31},"end":{"line":389,"column":46}},"130":{"start":{"line":390,"column":28},"end":{"line":390,"column":40}},"131":{"start":{"line":393,"column":6},"end":{"line":395,"column":12}},"132":{"start":{"line":398,"column":6},"end":{"line":400,"column":12}},"133":{"start":{"line":402,"column":26},"end":{"line":404,"column":null}},"134":{"start":{"line":403,"column":18},"end":{"line":403,"column":39}},"135":{"start":{"line":407,"column":23},"end":{"line":409,"column":null}},"136":{"start":{"line":408,"column":18},"end":{"line":408,"column":39}},"137":{"start":{"line":412,"column":24},"end":{"line":412,"column":71}},"138":{"start":{"line":414,"column":4},"end":{"line":414,"column":38}},"139":{"start":{"line":415,"column":4},"end":{"line":415,"column":32}},"140":{"start":{"line":416,"column":4},"end":{"line":416,"column":26}},"141":{"start":{"line":417,"column":4},"end":{"line":417,"column":34}},"142":{"start":{"line":418,"column":4},"end":{"line":418,"column":33}},"143":{"start":{"line":419,"column":4},"end":{"line":419,"column":31}},"144":{"start":{"line":421,"column":4},"end":{"line":421,"column":45}},"145":{"start":{"line":423,"column":29},"end":{"line":423,"column":58}},"146":{"start":{"line":424,"column":4},"end":{"line":424,"column":71}},"147":{"start":{"line":426,"column":19},"end":{"line":429,"column":6}},"148":{"start":{"line":431,"column":4},"end":{"line":444,"column":6}},"149":{"start":{"line":435,"column":36},"end":{"line":438,"column":10}},"150":{"start":{"line":440,"column":33},"end":{"line":443,"column":10}},"151":{"start":{"line":447,"column":19},"end":{"line":458,"column":6}},"152":{"start":{"line":460,"column":4},"end":{"line":464,"column":8}},"153":{"start":{"line":460,"column":32},"end":{"line":464,"column":6}},"154":{"start":{"line":462,"column":42},"end":{"line":462,"column":74}},"155":{"start":{"line":463,"column":36},"end":{"line":463,"column":68}},"156":{"start":{"line":468,"column":18},"end":{"line":482,"column":6}},"157":{"start":{"line":484,"column":4},"end":{"line":484,"column":28}},"158":{"start":{"line":484,"column":16},"end":{"line":484,"column":28}},"159":{"start":{"line":486,"column":4},"end":{"line":495,"column":6}},"160":{"start":{"line":488,"column":42},"end":{"line":488,"column":74}},"161":{"start":{"line":489,"column":36},"end":{"line":489,"column":68}},"162":{"start":{"line":490,"column":46},"end":{"line":494,"column":8}},"163":{"start":{"line":499,"column":24},"end":{"line":506,"column":6}},"164":{"start":{"line":508,"column":4},"end":{"line":510,"column":5}},"165":{"start":{"line":509,"column":6},"end":{"line":509,"column":73}},"166":{"start":{"line":512,"column":18},"end":{"line":512,"column":73}},"167":{"start":{"line":513,"column":4},"end":{"line":513,"column":67}},"168":{"start":{"line":513,"column":16},"end":{"line":513,"column":67}},"169":{"start":{"line":515,"column":4},"end":{"line":515,"column":26}},"170":{"start":{"line":516,"column":4},"end":{"line":516,"column":46}},"171":{"start":{"line":520,"column":18},"end":{"line":520,"column":73}},"172":{"start":{"line":521,"column":4},"end":{"line":521,"column":67}},"173":{"start":{"line":521,"column":16},"end":{"line":521,"column":67}},"174":{"start":{"line":522,"column":4},"end":{"line":522,"column":82}},"175":{"start":{"line":522,"column":25},"end":{"line":522,"column":82}},"176":{"start":{"line":523,"column":4},"end":{"line":525,"column":5}},"177":{"start":{"line":524,"column":6},"end":{"line":524,"column":57}},"178":{"start":{"line":527,"column":4},"end":{"line":527,"column":32}},"179":{"start":{"line":528,"column":4},"end":{"line":528,"column":34}},"180":{"start":{"line":529,"column":4},"end":{"line":529,"column":46}},"181":{"start":{"line":533,"column":18},"end":{"line":533,"column":73}},"182":{"start":{"line":534,"column":4},"end":{"line":534,"column":67}},"183":{"start":{"line":534,"column":16},"end":{"line":534,"column":67}},"184":{"start":{"line":535,"column":4},"end":{"line":537,"column":5}},"185":{"start":{"line":536,"column":6},"end":{"line":536,"column":62}},"186":{"start":{"line":539,"column":4},"end":{"line":539,"column":30}},"187":{"start":{"line":540,"column":4},"end":{"line":540,"column":46}},"188":{"start":{"line":55,"column":0},"end":{"line":55,"column":13}}},"fnMap":{"0":{"name":"calculateDiagnosticTotal","decl":{"start":{"line":13,"column":9},"end":{"line":13,"column":33}},"loc":{"start":{"line":13,"column":49},"end":{"line":19,"column":1}}},"1":{"name":"(anonymous_1)","decl":{"start":{"line":15,"column":13},"end":{"line":15,"column":14}},"loc":{"start":{"line":15,"column":38},"end":{"line":15,"column":59}}},"2":{"name":"(anonymous_2)","decl":{"start":{"line":17,"column":13},"end":{"line":17,"column":14}},"loc":{"start":{"line":17,"column":38},"end":{"line":17,"column":59}}},"3":{"name":"calculateBudgetFromDiagnostics","decl":{"start":{"line":21,"column":15},"end":{"line":21,"column":45}},"loc":{"start":{"line":21,"column":65},"end":{"line":30,"column":1}}},"4":{"name":"(anonymous_4)","decl":{"start":{"line":22,"column":56},"end":{"line":22,"column":57}},"loc":{"start":{"line":22,"column":61},"end":{"line":22,"column":78}}},"5":{"name":"validateDocument","decl":{"start":{"line":32,"column":9},"end":{"line":32,"column":25}},"loc":{"start":{"line":32,"column":42},"end":{"line":40,"column":1}}},"6":{"name":"validatePlate","decl":{"start":{"line":43,"column":9},"end":{"line":43,"column":22}},"loc":{"start":{"line":43,"column":36},"end":{"line":53,"column":1}}},"7":{"name":"(anonymous_7)","decl":{"start":{"line":56,"column":2},"end":{"line":56,"column":7}},"loc":{"start":{"line":56,"column":42},"end":{"line":214,"column":3}}},"8":{"name":"(anonymous_8)","decl":{"start":{"line":204,"column":41},"end":{"line":204,"column":42}},"loc":{"start":{"line":204,"column":47},"end":{"line":210,"column":12}}},"9":{"name":"(anonymous_9)","decl":{"start":{"line":216,"column":2},"end":{"line":216,"column":7}},"loc":{"start":{"line":216,"column":55},"end":{"line":253,"column":3}}},"10":{"name":"(anonymous_10)","decl":{"start":{"line":255,"column":2},"end":{"line":255,"column":7}},"loc":{"start":{"line":255,"column":71},"end":{"line":286,"column":3}}},"11":{"name":"(anonymous_11)","decl":{"start":{"line":288,"column":2},"end":{"line":288,"column":7}},"loc":{"start":{"line":288,"column":40},"end":{"line":345,"column":3}}},"12":{"name":"(anonymous_12)","decl":{"start":{"line":311,"column":15},"end":{"line":311,"column":16}},"loc":{"start":{"line":311,"column":20},"end":{"line":311,"column":37}}},"13":{"name":"(anonymous_13)","decl":{"start":{"line":312,"column":11},"end":{"line":312,"column":12}},"loc":{"start":{"line":312,"column":17},"end":{"line":321,"column":8}}},"14":{"name":"(anonymous_14)","decl":{"start":{"line":324,"column":15},"end":{"line":324,"column":16}},"loc":{"start":{"line":324,"column":20},"end":{"line":324,"column":38}}},"15":{"name":"(anonymous_15)","decl":{"start":{"line":325,"column":11},"end":{"line":325,"column":12}},"loc":{"start":{"line":325,"column":17},"end":{"line":334,"column":8}}},"16":{"name":"(anonymous_16)","decl":{"start":{"line":346,"column":2},"end":{"line":346,"column":7}},"loc":{"start":{"line":346,"column":60},"end":{"line":445,"column":3}}},"17":{"name":"(anonymous_17)","decl":{"start":{"line":371,"column":20},"end":{"line":371,"column":21}},"loc":{"start":{"line":371,"column":25},"end":{"line":371,"column":42}}},"18":{"name":"(anonymous_18)","decl":{"start":{"line":372,"column":17},"end":{"line":372,"column":18}},"loc":{"start":{"line":372,"column":22},"end":{"line":372,"column":26}}},"19":{"name":"(anonymous_19)","decl":{"start":{"line":403,"column":6},"end":{"line":403,"column":7}},"loc":{"start":{"line":403,"column":18},"end":{"line":403,"column":39}}},"20":{"name":"(anonymous_20)","decl":{"start":{"line":408,"column":6},"end":{"line":408,"column":7}},"loc":{"start":{"line":408,"column":18},"end":{"line":408,"column":39}}},"21":{"name":"(anonymous_21)","decl":{"start":{"line":435,"column":30},"end":{"line":435,"column":31}},"loc":{"start":{"line":435,"column":36},"end":{"line":438,"column":10}}},"22":{"name":"(anonymous_22)","decl":{"start":{"line":440,"column":27},"end":{"line":440,"column":28}},"loc":{"start":{"line":440,"column":33},"end":{"line":443,"column":10}}},"23":{"name":"(anonymous_23)","decl":{"start":{"line":446,"column":2},"end":{"line":446,"column":7}},"loc":{"start":{"line":446,"column":12},"end":{"line":465,"column":3}}},"24":{"name":"(anonymous_24)","decl":{"start":{"line":460,"column":22},"end":{"line":460,"column":27}},"loc":{"start":{"line":460,"column":32},"end":{"line":464,"column":6}}},"25":{"name":"(anonymous_25)","decl":{"start":{"line":462,"column":36},"end":{"line":462,"column":37}},"loc":{"start":{"line":462,"column":42},"end":{"line":462,"column":74}}},"26":{"name":"(anonymous_26)","decl":{"start":{"line":463,"column":30},"end":{"line":463,"column":31}},"loc":{"start":{"line":463,"column":36},"end":{"line":463,"column":68}}},"27":{"name":"(anonymous_27)","decl":{"start":{"line":467,"column":2},"end":{"line":467,"column":7}},"loc":{"start":{"line":467,"column":26},"end":{"line":496,"column":3}}},"28":{"name":"(anonymous_28)","decl":{"start":{"line":488,"column":36},"end":{"line":488,"column":37}},"loc":{"start":{"line":488,"column":42},"end":{"line":488,"column":74}}},"29":{"name":"(anonymous_29)","decl":{"start":{"line":489,"column":30},"end":{"line":489,"column":31}},"loc":{"start":{"line":489,"column":36},"end":{"line":489,"column":68}}},"30":{"name":"(anonymous_30)","decl":{"start":{"line":490,"column":40},"end":{"line":490,"column":41}},"loc":{"start":{"line":490,"column":46},"end":{"line":494,"column":8}}},"31":{"name":"(anonymous_31)","decl":{"start":{"line":498,"column":2},"end":{"line":498,"column":7}},"loc":{"start":{"line":498,"column":47},"end":{"line":517,"column":3}}},"32":{"name":"(anonymous_32)","decl":{"start":{"line":519,"column":2},"end":{"line":519,"column":7}},"loc":{"start":{"line":519,"column":25},"end":{"line":530,"column":3}}},"33":{"name":"(anonymous_33)","decl":{"start":{"line":532,"column":2},"end":{"line":532,"column":7}},"loc":{"start":{"line":532,"column":26},"end":{"line":541,"column":3}}}},"branchMap":{"0":{"loc":{"start":{"line":14,"column":24},"end":{"line":15,"column":68}},"type":"binary-expr","locations":[{"start":{"line":14,"column":24},"end":{"line":15,"column":63}},{"start":{"line":15,"column":67},"end":{"line":15,"column":68}}]},"1":{"loc":{"start":{"line":16,"column":21},"end":{"line":17,"column":68}},"type":"binary-expr","locations":[{"start":{"line":16,"column":21},"end":{"line":17,"column":63}},{"start":{"line":17,"column":67},"end":{"line":17,"column":68}}]},"2":{"loc":{"start":{"line":22,"column":30},"end":{"line":22,"column":85}},"type":"binary-expr","locations":[{"start":{"line":22,"column":30},"end":{"line":22,"column":79}},{"start":{"line":22,"column":83},"end":{"line":22,"column":85}}]},"3":{"loc":{"start":{"line":35,"column":2},"end":{"line":37,"column":3}},"type":"if","locations":[{"start":{"line":35,"column":2},"end":{"line":37,"column":3}},{"start":{},"end":{}}]},"4":{"loc":{"start":{"line":35,"column":6},"end":{"line":35,"column":53}},"type":"binary-expr","locations":[{"start":{"line":35,"column":6},"end":{"line":35,"column":27}},{"start":{"line":35,"column":31},"end":{"line":35,"column":53}}]},"5":{"loc":{"start":{"line":48,"column":2},"end":{"line":50,"column":3}},"type":"if","locations":[{"start":{"line":48,"column":2},"end":{"line":50,"column":3}},{"start":{},"end":{}}]},"6":{"loc":{"start":{"line":58,"column":2},"end":{"line":60,"column":3}},"type":"if","locations":[{"start":{"line":58,"column":2},"end":{"line":60,"column":3}},{"start":{},"end":{}}]},"7":{"loc":{"start":{"line":62,"column":2},"end":{"line":64,"column":3}},"type":"if","locations":[{"start":{"line":62,"column":2},"end":{"line":64,"column":3}},{"start":{},"end":{}}]},"8":{"loc":{"start":{"line":71,"column":4},"end":{"line":109,"column":5}},"type":"if","locations":[{"start":{"line":71,"column":4},"end":{"line":109,"column":5}},{"start":{},"end":{}}]},"9":{"loc":{"start":{"line":72,"column":6},"end":{"line":74,"column":7}},"type":"if","locations":[{"start":{"line":72,"column":6},"end":{"line":74,"column":7}},{"start":{},"end":{}}]},"10":{"loc":{"start":{"line":72,"column":10},"end":{"line":72,"column":71}},"type":"binary-expr","locations":[{"start":{"line":72,"column":10},"end":{"line":72,"column":27}},{"start":{"line":72,"column":31},"end":{"line":72,"column":49}},{"start":{"line":72,"column":53},"end":{"line":72,"column":71}}]},"11":{"loc":{"start":{"line":83,"column":6},"end":{"line":85,"column":7}},"type":"if","locations":[{"start":{"line":83,"column":6},"end":{"line":85,"column":7}},{"start":{},"end":{}}]},"12":{"loc":{"start":{"line":111,"column":4},"end":{"line":213,"column":5}},"type":"if","locations":[{"start":{"line":111,"column":4},"end":{"line":213,"column":5}},{"start":{"line":139,"column":9},"end":{"line":213,"column":5}}]},"13":{"loc":{"start":{"line":119,"column":6},"end":{"line":121,"column":7}},"type":"if","locations":[{"start":{"line":119,"column":6},"end":{"line":121,"column":7}},{"start":{},"end":{}}]},"14":{"loc":{"start":{"line":139,"column":9},"end":{"line":213,"column":5}},"type":"if","locations":[{"start":{"line":139,"column":9},"end":{"line":213,"column":5}},{"start":{"line":192,"column":9},"end":{"line":213,"column":5}}]},"15":{"loc":{"start":{"line":145,"column":6},"end":{"line":163,"column":7}},"type":"if","locations":[{"start":{"line":145,"column":6},"end":{"line":163,"column":7}},{"start":{},"end":{}}]},"16":{"loc":{"start":{"line":146,"column":8},"end":{"line":162,"column":9}},"type":"if","locations":[{"start":{"line":146,"column":8},"end":{"line":162,"column":9}},{"start":{"line":160,"column":15},"end":{"line":162,"column":9}}]},"17":{"loc":{"start":{"line":164,"column":6},"end":{"line":166,"column":7}},"type":"if","locations":[{"start":{"line":164,"column":6},"end":{"line":166,"column":7}},{"start":{},"end":{}}]},"18":{"loc":{"start":{"line":164,"column":10},"end":{"line":164,"column":74}},"type":"binary-expr","locations":[{"start":{"line":164,"column":10},"end":{"line":164,"column":29}},{"start":{"line":164,"column":33},"end":{"line":164,"column":52}},{"start":{"line":164,"column":56},"end":{"line":164,"column":74}}]},"19":{"loc":{"start":{"line":204,"column":20},"end":{"line":210,"column":19}},"type":"binary-expr","locations":[{"start":{"line":204,"column":20},"end":{"line":210,"column":13}},{"start":{"line":210,"column":17},"end":{"line":210,"column":19}}]},"20":{"loc":{"start":{"line":224,"column":4},"end":{"line":226,"column":5}},"type":"if","locations":[{"start":{"line":224,"column":4},"end":{"line":226,"column":5}},{"start":{},"end":{}}]},"21":{"loc":{"start":{"line":232,"column":4},"end":{"line":232,"column":67}},"type":"if","locations":[{"start":{"line":232,"column":4},"end":{"line":232,"column":67}},{"start":{},"end":{}}]},"22":{"loc":{"start":{"line":234,"column":4},"end":{"line":236,"column":5}},"type":"if","locations":[{"start":{"line":234,"column":4},"end":{"line":236,"column":5}},{"start":{},"end":{}}]},"23":{"loc":{"start":{"line":238,"column":4},"end":{"line":240,"column":5}},"type":"if","locations":[{"start":{"line":238,"column":4},"end":{"line":240,"column":5}},{"start":{},"end":{}}]},"24":{"loc":{"start":{"line":261,"column":4},"end":{"line":261,"column":67}},"type":"if","locations":[{"start":{"line":261,"column":4},"end":{"line":261,"column":67}},{"start":{},"end":{}}]},"25":{"loc":{"start":{"line":262,"column":4},"end":{"line":264,"column":5}},"type":"if","locations":[{"start":{"line":262,"column":4},"end":{"line":264,"column":5}},{"start":{},"end":{}}]},"26":{"loc":{"start":{"line":266,"column":32},"end":{"line":268,"column":10}},"type":"cond-expr","locations":[{"start":{"line":267,"column":8},"end":{"line":267,"column":68}},{"start":{"line":268,"column":8},"end":{"line":268,"column":10}}]},"27":{"loc":{"start":{"line":270,"column":29},"end":{"line":272,"column":10}},"type":"cond-expr","locations":[{"start":{"line":271,"column":8},"end":{"line":271,"column":62}},{"start":{"line":272,"column":8},"end":{"line":272,"column":10}}]},"28":{"loc":{"start":{"line":278,"column":16},"end":{"line":278,"column":50}},"type":"binary-expr","locations":[{"start":{"line":278,"column":16},"end":{"line":278,"column":39}},{"start":{"line":278,"column":43},"end":{"line":278,"column":50}}]},"29":{"loc":{"start":{"line":298,"column":4},"end":{"line":298,"column":67}},"type":"if","locations":[{"start":{"line":298,"column":4},"end":{"line":298,"column":67}},{"start":{},"end":{}}]},"30":{"loc":{"start":{"line":299,"column":4},"end":{"line":301,"column":5}},"type":"if","locations":[{"start":{"line":299,"column":4},"end":{"line":301,"column":5}},{"start":{},"end":{}}]},"31":{"loc":{"start":{"line":310,"column":24},"end":{"line":321,"column":15}},"type":"binary-expr","locations":[{"start":{"line":310,"column":24},"end":{"line":321,"column":9}},{"start":{"line":321,"column":13},"end":{"line":321,"column":15}}]},"32":{"loc":{"start":{"line":323,"column":26},"end":{"line":334,"column":15}},"type":"binary-expr","locations":[{"start":{"line":323,"column":26},"end":{"line":334,"column":9}},{"start":{"line":334,"column":13},"end":{"line":334,"column":15}}]},"33":{"loc":{"start":{"line":356,"column":4},"end":{"line":356,"column":67}},"type":"if","locations":[{"start":{"line":356,"column":4},"end":{"line":356,"column":67}},{"start":{},"end":{}}]},"34":{"loc":{"start":{"line":357,"column":4},"end":{"line":357,"column":65}},"type":"if","locations":[{"start":{"line":357,"column":4},"end":{"line":357,"column":65}},{"start":{},"end":{}}]},"35":{"loc":{"start":{"line":359,"column":4},"end":{"line":361,"column":5}},"type":"if","locations":[{"start":{"line":359,"column":4},"end":{"line":361,"column":5}},{"start":{},"end":{}}]},"36":{"loc":{"start":{"line":363,"column":4},"end":{"line":365,"column":5}},"type":"if","locations":[{"start":{"line":363,"column":4},"end":{"line":365,"column":5}},{"start":{},"end":{}}]},"37":{"loc":{"start":{"line":363,"column":8},"end":{"line":363,"column":60}},"type":"binary-expr","locations":[{"start":{"line":363,"column":8},"end":{"line":363,"column":26}},{"start":{"line":363,"column":30},"end":{"line":363,"column":60}}]},"38":{"loc":{"start":{"line":368,"column":6},"end":{"line":372,"column":27}},"type":"cond-expr","locations":[{"start":{"line":369,"column":10},"end":{"line":369,"column":31}},{"start":{"line":370,"column":10},"end":{"line":372,"column":27}}]},"39":{"loc":{"start":{"line":368,"column":6},"end":{"line":368,"column":63}},"type":"binary-expr","locations":[{"start":{"line":368,"column":6},"end":{"line":368,"column":27}},{"start":{"line":368,"column":31},"end":{"line":368,"column":63}}]},"40":{"loc":{"start":{"line":378,"column":6},"end":{"line":378,"column":55}},"type":"if","locations":[{"start":{"line":378,"column":6},"end":{"line":378,"column":55}},{"start":{},"end":{}}]},"41":{"loc":{"start":{"line":380,"column":28},"end":{"line":380,"column":64}},"type":"binary-expr","locations":[{"start":{"line":380,"column":28},"end":{"line":380,"column":58}},{"start":{"line":380,"column":62},"end":{"line":380,"column":64}}]},"42":{"loc":{"start":{"line":384,"column":25},"end":{"line":384,"column":58}},"type":"binary-expr","locations":[{"start":{"line":384,"column":25},"end":{"line":384,"column":52}},{"start":{"line":384,"column":56},"end":{"line":384,"column":58}}]},"43":{"loc":{"start":{"line":393,"column":6},"end":{"line":395,"column":12}},"type":"cond-expr","locations":[{"start":{"line":394,"column":10},"end":{"line":394,"column":63}},{"start":{"line":395,"column":10},"end":{"line":395,"column":12}}]},"44":{"loc":{"start":{"line":398,"column":6},"end":{"line":400,"column":12}},"type":"cond-expr","locations":[{"start":{"line":399,"column":10},"end":{"line":399,"column":57}},{"start":{"line":400,"column":10},"end":{"line":400,"column":12}}]},"45":{"loc":{"start":{"line":435,"column":8},"end":{"line":438,"column":17}},"type":"binary-expr","locations":[{"start":{"line":435,"column":8},"end":{"line":438,"column":11}},{"start":{"line":438,"column":15},"end":{"line":438,"column":17}}]},"46":{"loc":{"start":{"line":440,"column":8},"end":{"line":443,"column":17}},"type":"binary-expr","locations":[{"start":{"line":440,"column":8},"end":{"line":443,"column":11}},{"start":{"line":443,"column":15},"end":{"line":443,"column":17}}]},"47":{"loc":{"start":{"line":484,"column":4},"end":{"line":484,"column":28}},"type":"if","locations":[{"start":{"line":484,"column":4},"end":{"line":484,"column":28}},{"start":{},"end":{}}]},"48":{"loc":{"start":{"line":508,"column":4},"end":{"line":510,"column":5}},"type":"if","locations":[{"start":{"line":508,"column":4},"end":{"line":510,"column":5}},{"start":{},"end":{}}]},"49":{"loc":{"start":{"line":513,"column":4},"end":{"line":513,"column":67}},"type":"if","locations":[{"start":{"line":513,"column":4},"end":{"line":513,"column":67}},{"start":{},"end":{}}]},"50":{"loc":{"start":{"line":521,"column":4},"end":{"line":521,"column":67}},"type":"if","locations":[{"start":{"line":521,"column":4},"end":{"line":521,"column":67}},{"start":{},"end":{}}]},"51":{"loc":{"start":{"line":522,"column":4},"end":{"line":522,"column":82}},"type":"if","locations":[{"start":{"line":522,"column":4},"end":{"line":522,"column":82}},{"start":{},"end":{}}]},"52":{"loc":{"start":{"line":523,"column":4},"end":{"line":525,"column":5}},"type":"if","locations":[{"start":{"line":523,"column":4},"end":{"line":525,"column":5}},{"start":{},"end":{}}]},"53":{"loc":{"start":{"line":534,"column":4},"end":{"line":534,"column":67}},"type":"if","locations":[{"start":{"line":534,"column":4},"end":{"line":534,"column":67}},{"start":{},"end":{}}]},"54":{"loc":{"start":{"line":535,"column":4},"end":{"line":537,"column":5}},"type":"if","locations":[{"start":{"line":535,"column":4},"end":{"line":537,"column":5}},{"start":{},"end":{}}]}},"s":{"0":1,"1":1,"2":1,"3":1,"4":1,"5":1,"6":1,"7":1,"8":1,"9":2,"10":2,"11":2,"12":2,"13":2,"14":2,"15":1,"16":2,"17":2,"18":1,"19":2,"20":6,"21":6,"22":1,"23":5,"24":3,"25":3,"26":3,"27":1,"28":2,"29":6,"30":6,"31":5,"32":3,"33":4,"34":4,"35":2,"36":0,"37":2,"38":2,"39":0,"40":2,"41":2,"42":2,"43":2,"44":2,"45":1,"46":1,"47":0,"48":1,"49":1,"50":1,"51":1,"52":0,"53":0,"54":0,"55":0,"56":0,"57":0,"58":0,"59":0,"60":0,"61":0,"62":0,"63":0,"64":0,"65":1,"66":1,"67":4,"68":4,"69":1,"70":3,"71":3,"72":0,"73":3,"74":1,"75":2,"76":1,"77":1,"78":1,"79":1,"80":1,"81":1,"82":1,"83":2,"84":2,"85":0,"86":2,"87":1,"88":1,"89":1,"90":1,"91":1,"92":3,"93":3,"94":0,"95":3,"96":1,"97":2,"98":2,"99":2,"100":2,"101":2,"102":1,"103":1,"104":2,"105":1,"106":0,"107":2,"108":5,"109":5,"110":0,"111":5,"112":1,"113":4,"114":1,"115":3,"116":1,"117":2,"118":1,"119":1,"120":2,"121":2,"122":2,"123":3,"124":1,"125":2,"126":2,"127":2,"128":1,"129":2,"130":2,"131":2,"132":2,"133":2,"134":2,"135":2,"136":1,"137":2,"138":2,"139":2,"140":2,"141":2,"142":2,"143":2,"144":2,"145":2,"146":2,"147":2,"148":2,"149":2,"150":1,"151":1,"152":1,"153":2,"154":1,"155":1,"156":2,"157":2,"158":1,"159":1,"160":0,"161":0,"162":0,"163":3,"164":3,"165":1,"166":2,"167":2,"168":1,"169":1,"170":1,"171":3,"172":3,"173":0,"174":3,"175":1,"176":2,"177":1,"178":1,"179":1,"180":1,"181":2,"182":2,"183":0,"184":2,"185":1,"186":1,"187":1,"188":1},"f":{"0":2,"1":2,"2":2,"3":2,"4":1,"5":6,"6":3,"7":6,"8":1,"9":4,"10":2,"11":3,"12":1,"13":1,"14":1,"15":0,"16":5,"17":1,"18":1,"19":2,"20":1,"21":2,"22":1,"23":1,"24":2,"25":1,"26":1,"27":2,"28":0,"29":0,"30":0,"31":3,"32":3,"33":2},"b":{"0":[2,0],"1":[2,0],"2":[2,0],"3":[1,5],"4":[6,2],"5":[1,2],"6":[6,0],"7":[3,2],"8":[2,2],"9":[0,2],"10":[2,2,2],"11":[0,2],"12":[1,1],"13":[0,1],"14":[0,1],"15":[0,0],"16":[0,0],"17":[0,0],"18":[0,0,0],"19":[1,0],"20":[1,3],"21":[0,3],"22":[1,2],"23":[1,1],"24":[0,2],"25":[1,1],"26":[1,0],"27":[1,0],"28":[1,0],"29":[0,3],"30":[1,2],"31":[2,0],"32":[2,0],"33":[0,5],"34":[1,4],"35":[1,3],"36":[1,2],"37":[3,3],"38":[1,1],"39":[2,1],"40":[1,2],"41":[2,0],"42":[2,0],"43":[2,0],"44":[1,1],"45":[2,0],"46":[2,0],"47":[1,1],"48":[1,2],"49":[1,1],"50":[0,3],"51":[1,2],"52":[1,1],"53":[0,2],"54":[1,1]}}
,"/home/guigomes/Área de trabalho/Projetos/Oficina/oficina-api/src/services/ServiceService.ts": {"path":"/home/guigomes/Área de trabalho/Projetos/Oficina/oficina-api/src/services/ServiceService.ts","statementMap":{"0":{"start":{"line":2,"column":0},"end":{"line":2,"column":70}},"1":{"start":{"line":13,"column":20},"end":{"line":13,"column":50}},"2":{"start":{"line":14,"column":4},"end":{"line":14,"column":43}},"3":{"start":{"line":18,"column":4},"end":{"line":18,"column":36}},"4":{"start":{"line":22,"column":4},"end":{"line":22,"column":56}},"5":{"start":{"line":26,"column":20},"end":{"line":26,"column":42}},"6":{"start":{"line":27,"column":4},"end":{"line":27,"column":60}},"7":{"start":{"line":27,"column":18},"end":{"line":27,"column":60}},"8":{"start":{"line":28,"column":4},"end":{"line":28,"column":43}},"9":{"start":{"line":29,"column":4},"end":{"line":29,"column":43}},"10":{"start":{"line":33,"column":20},"end":{"line":33,"column":42}},"11":{"start":{"line":34,"column":4},"end":{"line":34,"column":60}},"12":{"start":{"line":34,"column":18},"end":{"line":34,"column":60}},"13":{"start":{"line":35,"column":4},"end":{"line":35,"column":45}},"14":{"start":{"line":11,"column":0},"end":{"line":11,"column":13}}},"fnMap":{"0":{"name":"(anonymous_0)","decl":{"start":{"line":12,"column":2},"end":{"line":12,"column":7}},"loc":{"start":{"line":12,"column":37},"end":{"line":15,"column":3}}},"1":{"name":"(anonymous_1)","decl":{"start":{"line":17,"column":2},"end":{"line":17,"column":7}},"loc":{"start":{"line":17,"column":12},"end":{"line":19,"column":3}}},"2":{"name":"(anonymous_2)","decl":{"start":{"line":21,"column":2},"end":{"line":21,"column":7}},"loc":{"start":{"line":21,"column":26},"end":{"line":23,"column":3}}},"3":{"name":"(anonymous_3)","decl":{"start":{"line":25,"column":2},"end":{"line":25,"column":7}},"loc":{"start":{"line":25,"column":58},"end":{"line":30,"column":3}}},"4":{"name":"(anonymous_4)","decl":{"start":{"line":32,"column":2},"end":{"line":32,"column":7}},"loc":{"start":{"line":32,"column":25},"end":{"line":36,"column":3}}}},"branchMap":{"0":{"loc":{"start":{"line":27,"column":4},"end":{"line":27,"column":60}},"type":"if","locations":[{"start":{"line":27,"column":4},"end":{"line":27,"column":60}},{"start":{},"end":{}}]},"1":{"loc":{"start":{"line":34,"column":4},"end":{"line":34,"column":60}},"type":"if","locations":[{"start":{"line":34,"column":4},"end":{"line":34,"column":60}},{"start":{},"end":{}}]}},"s":{"0":1,"1":3,"2":3,"3":2,"4":6,"5":2,"6":2,"7":1,"8":1,"9":1,"10":2,"11":2,"12":1,"13":1,"14":1},"f":{"0":3,"1":2,"2":6,"3":2,"4":2},"b":{"0":[1,1],"1":[1,1]}}
,"/home/guigomes/Área de trabalho/Projetos/Oficina/oficina-api/src/services/UserService.ts": {"path":"/home/guigomes/Área de trabalho/Projetos/Oficina/oficina-api/src/services/UserService.ts","statementMap":{"0":{"start":{"line":1,"column":0},"end":{"line":1,"column":28}},"1":{"start":{"line":2,"column":0},"end":{"line":2,"column":31}},"2":{"start":{"line":3,"column":0},"end":{"line":3,"column":64}},"3":{"start":{"line":5,"column":19},"end":{"line":5,"column":32}},"4":{"start":{"line":9,"column":44},"end":{"line":9,"column":48}},"5":{"start":{"line":11,"column":25},"end":{"line":11,"column":75}},"6":{"start":{"line":12,"column":4},"end":{"line":14,"column":5}},"7":{"start":{"line":13,"column":6},"end":{"line":13,"column":43}},"8":{"start":{"line":16,"column":27},"end":{"line":16,"column":58}},"9":{"start":{"line":18,"column":17},"end":{"line":23,"column":6}},"10":{"start":{"line":25,"column":4},"end":{"line":25,"column":43}},"11":{"start":{"line":29,"column":17},"end":{"line":29,"column":67}},"12":{"start":{"line":30,"column":4},"end":{"line":30,"column":56}},"13":{"start":{"line":30,"column":15},"end":{"line":30,"column":56}},"14":{"start":{"line":32,"column":28},"end":{"line":32,"column":73}},"15":{"start":{"line":33,"column":4},"end":{"line":33,"column":67}},"16":{"start":{"line":33,"column":26},"end":{"line":33,"column":67}},"17":{"start":{"line":35,"column":18},"end":{"line":35,"column":77}},"18":{"start":{"line":37,"column":52},"end":{"line":37,"column":56}},"19":{"start":{"line":38,"column":4},"end":{"line":38,"column":48}},"20":{"start":{"line":42,"column":4},"end":{"line":42,"column":55}},"21":{"start":{"line":7,"column":0},"end":{"line":7,"column":13}}},"fnMap":{"0":{"name":"(anonymous_1)","decl":{"start":{"line":8,"column":2},"end":{"line":8,"column":8}},"loc":{"start":{"line":8,"column":95},"end":{"line":26,"column":3}}},"1":{"name":"(anonymous_2)","decl":{"start":{"line":28,"column":2},"end":{"line":28,"column":8}},"loc":{"start":{"line":28,"column":52},"end":{"line":39,"column":3}}},"2":{"name":"(anonymous_3)","decl":{"start":{"line":41,"column":2},"end":{"line":41,"column":8}},"loc":{"start":{"line":41,"column":36},"end":{"line":43,"column":3}}}},"branchMap":{"0":{"loc":{"start":{"line":12,"column":4},"end":{"line":14,"column":5}},"type":"if","locations":[{"start":{"line":12,"column":4},"end":{"line":14,"column":5}},{"start":{},"end":{}}]},"1":{"loc":{"start":{"line":30,"column":4},"end":{"line":30,"column":56}},"type":"if","locations":[{"start":{"line":30,"column":4},"end":{"line":30,"column":56}},{"start":{},"end":{}}]},"2":{"loc":{"start":{"line":33,"column":4},"end":{"line":33,"column":67}},"type":"if","locations":[{"start":{"line":33,"column":4},"end":{"line":33,"column":67}},{"start":{},"end":{}}]}},"s":{"0":1,"1":1,"2":1,"3":1,"4":2,"5":2,"6":2,"7":1,"8":1,"9":1,"10":1,"11":2,"12":2,"13":0,"14":2,"15":2,"16":1,"17":1,"18":1,"19":1,"20":0,"21":1},"f":{"0":2,"1":2,"2":0},"b":{"0":[1,1],"1":[0,2],"2":[1,1]}}
,"/home/guigomes/Área de trabalho/Projetos/Oficina/oficina-api/src/services/VehiclesService.ts": {"path":"/home/guigomes/Área de trabalho/Projetos/Oficina/oficina-api/src/services/VehiclesService.ts","statementMap":{"0":{"start":{"line":2,"column":0},"end":{"line":2,"column":68}},"1":{"start":{"line":3,"column":0},"end":{"line":3,"column":70}},"2":{"start":{"line":16,"column":19},"end":{"line":16,"column":95}},"3":{"start":{"line":17,"column":4},"end":{"line":17,"column":59}},"4":{"start":{"line":17,"column":17},"end":{"line":17,"column":59}},"5":{"start":{"line":19,"column":19},"end":{"line":19,"column":84}},"6":{"start":{"line":20,"column":4},"end":{"line":20,"column":57}},"7":{"start":{"line":20,"column":16},"end":{"line":20,"column":57}},"8":{"start":{"line":22,"column":20},"end":{"line":22,"column":65}},"9":{"start":{"line":23,"column":4},"end":{"line":23,"column":42}},"10":{"start":{"line":24,"column":4},"end":{"line":24,"column":19}},"11":{"start":{"line":28,"column":4},"end":{"line":28,"column":61}},"12":{"start":{"line":32,"column":4},"end":{"line":32,"column":79}},"13":{"start":{"line":13,"column":0},"end":{"line":13,"column":13}}},"fnMap":{"0":{"name":"(anonymous_0)","decl":{"start":{"line":15,"column":2},"end":{"line":15,"column":7}},"loc":{"start":{"line":15,"column":38},"end":{"line":25,"column":3}}},"1":{"name":"(anonymous_1)","decl":{"start":{"line":27,"column":2},"end":{"line":27,"column":7}},"loc":{"start":{"line":27,"column":12},"end":{"line":29,"column":3}}},"2":{"name":"(anonymous_2)","decl":{"start":{"line":31,"column":2},"end":{"line":31,"column":7}},"loc":{"start":{"line":31,"column":26},"end":{"line":33,"column":3}}}},"branchMap":{"0":{"loc":{"start":{"line":17,"column":4},"end":{"line":17,"column":59}},"type":"if","locations":[{"start":{"line":17,"column":4},"end":{"line":17,"column":59}},{"start":{},"end":{}}]},"1":{"loc":{"start":{"line":20,"column":4},"end":{"line":20,"column":57}},"type":"if","locations":[{"start":{"line":20,"column":4},"end":{"line":20,"column":57}},{"start":{},"end":{}}]}},"s":{"0":1,"1":1,"2":3,"3":3,"4":1,"5":2,"6":2,"7":1,"8":1,"9":1,"10":1,"11":2,"12":2,"13":1},"f":{"0":3,"1":2,"2":2},"b":{"0":[1,2],"1":[1,1]}}
}
