TN:
SF:src/services/ClientService.ts
FN:15,(anonymous_0)
FN:32,(anonymous_1)
FN:36,(anonymous_2)
FN:40,(anonymous_3)
FNF:4
FNH:3
FNDA:2,(anonymous_0)
FNDA:1,(anonymous_1)
FNDA:1,(anonymous_2)
FNDA:0,(anonymous_3)
DA:1,1
DA:13,1
DA:17,2
DA:21,2
DA:22,1
DA:25,1
DA:27,1
DA:29,1
DA:33,1
DA:37,1
DA:41,0
LF:11
LH:10
BRDA:21,0,0,1
BRDA:21,0,1,1
BRF:2
BRH:2
end_of_record
TN:
SF:src/services/PartService.ts
FN:13,(anonymous_0)
FN:18,(anonymous_1)
FN:22,(anonymous_2)
FN:26,(anonymous_3)
FN:33,(anonymous_4)
FNF:5
FNH:5
FNDA:1,(anonymous_0)
FNDA:1,(anonymous_1)
FNDA:5,(anonymous_2)
FNDA:2,(anonymous_3)
FNDA:2,(anonymous_4)
DA:2,1
DA:12,1
DA:14,1
DA:15,1
DA:19,1
DA:23,5
DA:27,2
DA:28,2
DA:29,1
DA:30,1
DA:34,2
DA:35,2
DA:36,1
LF:13
LH:13
BRDA:28,0,0,1
BRDA:28,0,1,1
BRDA:35,1,0,1
BRDA:35,1,1,1
BRF:4
BRH:4
end_of_record
TN:
SF:src/services/ServiceExecutionService.ts
FN:17,(anonymous_0)
FN:43,(anonymous_1)
FN:69,(anonymous_2)
FN:101,(anonymous_3)
FN:107,(anonymous_4)
FN:122,(anonymous_5)
FN:142,(anonymous_6)
FN:143,(anonymous_7)
FN:156,(anonymous_8)
FN:182,(anonymous_9)
FN:197,(anonymous_10)
FN:218,(anonymous_11)
FN:230,(anonymous_12)
FN:240,(anonymous_13)
FNF:14
FNH:14
FNDA:3,(anonymous_0)
FNDA:3,(anonymous_1)
FNDA:3,(anonymous_2)
FNDA:1,(anonymous_3)
FNDA:1,(anonymous_4)
FNDA:2,(anonymous_5)
FNDA:2,(anonymous_6)
FNDA:2,(anonymous_7)
FNDA:1,(anonymous_8)
FNDA:3,(anonymous_9)
FNDA:1,(anonymous_10)
FNDA:1,(anonymous_11)
FNDA:3,(anonymous_12)
FNDA:2,(anonymous_13)
DA:1,1
DA:2,1
DA:3,1
DA:16,1
DA:18,3
DA:23,3
DA:25,2
DA:26,4
DA:33,4
DA:34,3
DA:44,3
DA:51,3
DA:52,1
DA:59,2
DA:60,1
DA:62,1
DA:63,1
DA:66,2
DA:70,3
DA:78,3
DA:79,1
DA:82,2
DA:83,1
DA:86,1
DA:87,1
DA:88,1
DA:90,1
DA:91,1
DA:92,1
DA:95,1
DA:96,1
DA:98,1
DA:102,1
DA:106,1
DA:107,1
DA:109,1
DA:110,1
DA:114,1
DA:115,1
DA:116,1
DA:117,1
DA:123,2
DA:131,2
DA:132,1
DA:142,2
DA:143,2
DA:144,1
DA:146,1
DA:157,1
DA:165,1
DA:167,1
DA:168,3
DA:169,2
DA:176,3
DA:177,3
DA:180,1
DA:181,1
DA:182,3
DA:183,2
DA:194,1
DA:198,1
DA:204,1
DA:208,1
DA:218,1
DA:231,3
DA:241,2
DA:243,2
DA:245,2
DA:246,2
DA:247,2
DA:249,2
DA:250,1
DA:258,2
DA:259,2
DA:260,2
DA:261,2
DA:268,2
DA:269,2
DA:270,1
DA:279,2
LF:80
LH:80
BRDA:23,0,0,1
BRDA:23,0,1,2
BRDA:33,1,0,3
BRDA:33,1,1,1
BRDA:51,2,0,1
BRDA:51,2,1,2
BRDA:59,3,0,1
BRDA:59,3,1,1
BRDA:78,4,0,1
BRDA:78,4,1,2
BRDA:82,5,0,1
BRDA:82,5,1,1
BRDA:90,6,0,1
BRDA:90,6,1,0
BRDA:109,7,0,1
BRDA:109,7,1,0
BRDA:109,8,0,1
BRDA:109,8,1,1
BRDA:114,9,0,1
BRDA:114,9,1,0
BRDA:114,10,0,1
BRDA:114,10,1,1
BRDA:131,11,0,1
BRDA:131,11,1,1
BRDA:142,12,0,2
BRDA:142,12,1,0
BRDA:168,13,0,2
BRDA:168,13,1,1
BRDA:177,14,0,3
BRDA:177,14,1,0
BRDA:214,15,0,1
BRDA:214,15,1,0
BRDA:214,16,0,1
BRDA:214,16,1,1
BRDA:247,17,0,0
BRDA:247,17,1,2
BRDA:249,18,0,1
BRDA:249,18,1,1
BRDA:260,19,0,2
BRDA:260,19,1,0
BRF:40
BRH:32
end_of_record
TN:
SF:src/services/ServiceOrderService.ts
FN:13,calculateDiagnosticTotal
FN:15,(anonymous_1)
FN:17,(anonymous_2)
FN:21,calculateBudgetFromDiagnostics
FN:22,(anonymous_4)
FN:32,validateDocument
FN:43,validatePlate
FN:56,(anonymous_7)
FN:204,(anonymous_8)
FN:216,(anonymous_9)
FN:255,(anonymous_10)
FN:288,(anonymous_11)
FN:311,(anonymous_12)
FN:312,(anonymous_13)
FN:324,(anonymous_14)
FN:325,(anonymous_15)
FN:346,(anonymous_16)
FN:371,(anonymous_17)
FN:372,(anonymous_18)
FN:403,(anonymous_19)
FN:408,(anonymous_20)
FN:435,(anonymous_21)
FN:440,(anonymous_22)
FN:446,(anonymous_23)
FN:460,(anonymous_24)
FN:462,(anonymous_25)
FN:463,(anonymous_26)
FN:467,(anonymous_27)
FN:488,(anonymous_28)
FN:489,(anonymous_29)
FN:490,(anonymous_30)
FN:498,(anonymous_31)
FN:519,(anonymous_32)
FN:532,(anonymous_33)
FNF:34
FNH:30
FNDA:2,calculateDiagnosticTotal
FNDA:2,(anonymous_1)
FNDA:2,(anonymous_2)
FNDA:2,calculateBudgetFromDiagnostics
FNDA:1,(anonymous_4)
FNDA:6,validateDocument
FNDA:3,validatePlate
FNDA:6,(anonymous_7)
FNDA:1,(anonymous_8)
FNDA:4,(anonymous_9)
FNDA:2,(anonymous_10)
FNDA:3,(anonymous_11)
FNDA:1,(anonymous_12)
FNDA:1,(anonymous_13)
FNDA:1,(anonymous_14)
FNDA:0,(anonymous_15)
FNDA:5,(anonymous_16)
FNDA:1,(anonymous_17)
FNDA:1,(anonymous_18)
FNDA:2,(anonymous_19)
FNDA:1,(anonymous_20)
FNDA:2,(anonymous_21)
FNDA:1,(anonymous_22)
FNDA:1,(anonymous_23)
FNDA:2,(anonymous_24)
FNDA:1,(anonymous_25)
FNDA:1,(anonymous_26)
FNDA:2,(anonymous_27)
FNDA:0,(anonymous_28)
FNDA:0,(anonymous_29)
FNDA:0,(anonymous_30)
FNDA:3,(anonymous_31)
FNDA:3,(anonymous_32)
FNDA:2,(anonymous_33)
DA:1,1
DA:2,1
DA:3,1
DA:4,1
DA:5,1
DA:6,1
DA:7,1
DA:10,1
DA:11,1
DA:14,2
DA:15,2
DA:16,2
DA:17,2
DA:18,2
DA:22,2
DA:23,2
DA:25,2
DA:26,1
DA:29,2
DA:33,6
DA:35,6
DA:36,1
DA:39,5
DA:44,3
DA:46,3
DA:48,3
DA:49,1
DA:52,2
DA:55,1
DA:58,6
DA:59,6
DA:62,5
DA:63,3
DA:66,4
DA:71,4
DA:72,2
DA:73,0
DA:76,2
DA:83,2
DA:84,0
DA:87,2
DA:95,2
DA:103,2
DA:105,2
DA:111,2
DA:112,1
DA:119,1
DA:120,0
DA:123,1
DA:131,1
DA:133,1
DA:139,1
DA:140,0
DA:145,0
DA:146,0
DA:147,0
DA:154,0
DA:156,0
DA:161,0
DA:164,0
DA:165,0
DA:168,0
DA:176,0
DA:184,0
DA:186,0
DA:193,1
DA:204,1
DA:217,4
DA:224,4
DA:225,1
DA:228,3
DA:232,3
DA:234,3
DA:235,1
DA:238,2
DA:239,1
DA:242,1
DA:243,1
DA:244,1
DA:245,1
DA:247,1
DA:249,1
DA:256,2
DA:261,2
DA:262,2
DA:263,1
DA:266,1
DA:270,1
DA:274,1
DA:285,1
DA:289,3
DA:298,3
DA:299,3
DA:300,1
DA:303,2
DA:305,2
DA:306,2
DA:308,2
DA:310,2
DA:311,1
DA:312,1
DA:323,2
DA:324,1
DA:325,0
DA:336,2
DA:347,5
DA:356,5
DA:357,5
DA:359,4
DA:360,1
DA:363,3
DA:364,1
DA:368,2
DA:371,1
DA:372,1
DA:374,2
DA:375,2
DA:377,2
DA:378,3
DA:380,2
DA:381,2
DA:384,2
DA:385,1
DA:389,2
DA:390,2
DA:393,2
DA:398,2
DA:402,2
DA:403,2
DA:407,2
DA:408,1
DA:412,2
DA:414,2
DA:415,2
DA:416,2
DA:417,2
DA:418,2
DA:419,2
DA:421,2
DA:423,2
DA:424,2
DA:426,2
DA:431,2
DA:435,2
DA:440,1
DA:447,1
DA:460,2
DA:462,1
DA:463,1
DA:468,2
DA:484,2
DA:486,1
DA:488,0
DA:489,0
DA:490,0
DA:499,3
DA:508,3
DA:509,1
DA:512,2
DA:513,2
DA:515,1
DA:516,1
DA:520,3
DA:521,3
DA:522,3
DA:523,2
DA:524,1
DA:527,1
DA:528,1
DA:529,1
DA:533,2
DA:534,2
DA:535,2
DA:536,1
DA:539,1
DA:540,1
LF:176
LH:156
BRDA:14,0,0,2
BRDA:14,0,1,0
BRDA:16,1,0,2
BRDA:16,1,1,0
BRDA:22,2,0,2
BRDA:22,2,1,0
BRDA:35,3,0,1
BRDA:35,3,1,5
BRDA:35,4,0,6
BRDA:35,4,1,2
BRDA:48,5,0,1
BRDA:48,5,1,2
BRDA:58,6,0,6
BRDA:58,6,1,0
BRDA:62,7,0,3
BRDA:62,7,1,2
BRDA:71,8,0,2
BRDA:71,8,1,2
BRDA:72,9,0,0
BRDA:72,9,1,2
BRDA:72,10,0,2
BRDA:72,10,1,2
BRDA:72,10,2,2
BRDA:83,11,0,0
BRDA:83,11,1,2
BRDA:111,12,0,1
BRDA:111,12,1,1
BRDA:119,13,0,0
BRDA:119,13,1,1
BRDA:139,14,0,0
BRDA:139,14,1,1
BRDA:145,15,0,0
BRDA:145,15,1,0
BRDA:146,16,0,0
BRDA:146,16,1,0
BRDA:164,17,0,0
BRDA:164,17,1,0
BRDA:164,18,0,0
BRDA:164,18,1,0
BRDA:164,18,2,0
BRDA:204,19,0,1
BRDA:204,19,1,0
BRDA:224,20,0,1
BRDA:224,20,1,3
BRDA:232,21,0,0
BRDA:232,21,1,3
BRDA:234,22,0,1
BRDA:234,22,1,2
BRDA:238,23,0,1
BRDA:238,23,1,1
BRDA:261,24,0,0
BRDA:261,24,1,2
BRDA:262,25,0,1
BRDA:262,25,1,1
BRDA:266,26,0,1
BRDA:266,26,1,0
BRDA:270,27,0,1
BRDA:270,27,1,0
BRDA:278,28,0,1
BRDA:278,28,1,0
BRDA:298,29,0,0
BRDA:298,29,1,3
BRDA:299,30,0,1
BRDA:299,30,1,2
BRDA:310,31,0,2
BRDA:310,31,1,0
BRDA:323,32,0,2
BRDA:323,32,1,0
BRDA:356,33,0,0
BRDA:356,33,1,5
BRDA:357,34,0,1
BRDA:357,34,1,4
BRDA:359,35,0,1
BRDA:359,35,1,3
BRDA:363,36,0,1
BRDA:363,36,1,2
BRDA:363,37,0,3
BRDA:363,37,1,3
BRDA:368,38,0,1
BRDA:368,38,1,1
BRDA:368,39,0,2
BRDA:368,39,1,1
BRDA:378,40,0,1
BRDA:378,40,1,2
BRDA:380,41,0,2
BRDA:380,41,1,0
BRDA:384,42,0,2
BRDA:384,42,1,0
BRDA:393,43,0,2
BRDA:393,43,1,0
BRDA:398,44,0,1
BRDA:398,44,1,1
BRDA:435,45,0,2
BRDA:435,45,1,0
BRDA:440,46,0,2
BRDA:440,46,1,0
BRDA:484,47,0,1
BRDA:484,47,1,1
BRDA:508,48,0,1
BRDA:508,48,1,2
BRDA:513,49,0,1
BRDA:513,49,1,1
BRDA:521,50,0,0
BRDA:521,50,1,3
BRDA:522,51,0,1
BRDA:522,51,1,2
BRDA:523,52,0,1
BRDA:523,52,1,1
BRDA:534,53,0,0
BRDA:534,53,1,2
BRDA:535,54,0,1
BRDA:535,54,1,1
BRF:112
BRH:78
end_of_record
TN:
SF:src/services/ServiceService.ts
FN:12,(anonymous_0)
FN:17,(anonymous_1)
FN:21,(anonymous_2)
FN:25,(anonymous_3)
FN:32,(anonymous_4)
FNF:5
FNH:5
FNDA:3,(anonymous_0)
FNDA:2,(anonymous_1)
FNDA:6,(anonymous_2)
FNDA:2,(anonymous_3)
FNDA:2,(anonymous_4)
DA:2,1
DA:11,1
DA:13,3
DA:14,3
DA:18,2
DA:22,6
DA:26,2
DA:27,2
DA:28,1
DA:29,1
DA:33,2
DA:34,2
DA:35,1
LF:13
LH:13
BRDA:27,0,0,1
BRDA:27,0,1,1
BRDA:34,1,0,1
BRDA:34,1,1,1
BRF:4
BRH:4
end_of_record
TN:
SF:src/services/UserService.ts
FN:8,(anonymous_1)
FN:28,(anonymous_2)
FN:41,(anonymous_3)
FNF:3
FNH:2
FNDA:2,(anonymous_1)
FNDA:2,(anonymous_2)
FNDA:0,(anonymous_3)
DA:1,1
DA:2,1
DA:3,1
DA:5,1
DA:7,1
DA:9,2
DA:11,2
DA:12,2
DA:13,1
DA:16,1
DA:18,1
DA:25,1
DA:29,2
DA:30,2
DA:32,2
DA:33,2
DA:35,1
DA:37,1
DA:38,1
DA:42,0
LF:20
LH:19
BRDA:12,0,0,1
BRDA:12,0,1,1
BRDA:30,1,0,0
BRDA:30,1,1,2
BRDA:33,2,0,1
BRDA:33,2,1,1
BRF:6
BRH:5
end_of_record
TN:
SF:src/services/VehiclesService.ts
FN:15,(anonymous_0)
FN:27,(anonymous_1)
FN:31,(anonymous_2)
FNF:3
FNH:3
FNDA:3,(anonymous_0)
FNDA:2,(anonymous_1)
FNDA:2,(anonymous_2)
DA:2,1
DA:3,1
DA:13,1
DA:16,3
DA:17,3
DA:19,2
DA:20,2
DA:22,1
DA:23,1
DA:24,1
DA:28,2
DA:32,2
LF:12
LH:12
BRDA:17,0,0,1
BRDA:17,0,1,2
BRDA:20,1,0,1
BRDA:20,1,1,1
BRF:4
BRH:4
end_of_record
