TN:
SF:src/index.ts
FN:19,(anonymous_1)
FN:26,(anonymous_2)
FN:27,(anonymous_3)
FN:32,(anonymous_4)
FNF:4
FNH:0
FNDA:0,(anonymous_1)
FNDA:0,(anonymous_2)
FNDA:0,(anonymous_3)
FNDA:0,(anonymous_4)
DA:1,0
DA:2,0
DA:3,0
DA:4,0
DA:6,0
DA:7,0
DA:8,0
DA:9,0
DA:11,0
DA:13,0
DA:15,0
DA:16,0
DA:17,0
DA:18,0
DA:19,0
DA:20,0
DA:24,0
DA:25,0
DA:27,0
DA:28,0
DA:29,0
DA:33,0
DA:34,0
LF:23
LH:0
BRDA:24,0,0,0
BRDA:24,0,1,0
BRF:2
BRH:0
end_of_record
TN:
SF:src/application/tests/integration/jest.setup.ts
FN:5,(anonymous_0)
FN:11,(anonymous_1)
FNF:2
FNH:0
FNDA:0,(anonymous_0)
FNDA:0,(anonymous_1)
DA:1,0
DA:3,0
DA:5,0
DA:6,0
DA:7,0
DA:11,0
DA:12,0
DA:13,0
LF:8
LH:0
BRDA:6,0,0,0
BRDA:6,0,1,0
BRDA:12,1,0,0
BRDA:12,1,1,0
BRF:4
BRH:0
end_of_record
TN:
SF:src/application/use-cases/client/CreateClientUseCase.ts
FN:16,(anonymous_0)
FNF:1
FNH:1
FNDA:2,(anonymous_0)
DA:1,1
DA:14,1
DA:18,2
DA:22,2
DA:23,1
DA:26,1
DA:28,1
DA:30,1
LF:8
LH:8
BRDA:22,0,0,1
BRDA:22,0,1,1
BRF:2
BRH:2
end_of_record
TN:
SF:src/application/use-cases/client/DeleteClientUseCase.ts
FN:5,(anonymous_0)
FNF:1
FNH:0
FNDA:0,(anonymous_0)
DA:1,0
DA:2,0
DA:4,0
DA:6,0
DA:8,0
DA:9,0
DA:12,0
DA:13,0
LF:8
LH:0
BRDA:9,0,0,0
BRDA:9,0,1,0
BRF:2
BRH:0
end_of_record
TN:
SF:src/application/use-cases/client/GetClientByDocumentUseCase.ts
FN:5,(anonymous_0)
FNF:1
FNH:1
FNDA:2,(anonymous_0)
DA:1,1
DA:3,1
DA:6,2
LF:3
LH:3
BRF:0
BRH:0
end_of_record
TN:
SF:src/application/use-cases/client/GetClientByIdUseCase.ts
FN:6,(anonymous_0)
FNF:1
FNH:1
FNDA:2,(anonymous_0)
DA:1,1
DA:4,1
DA:7,2
LF:3
LH:3
BRF:0
BRH:0
end_of_record
TN:
SF:src/application/use-cases/client/ListClientsUseCase.ts
FN:5,(anonymous_0)
FNF:1
FNH:1
FNDA:2,(anonymous_0)
DA:1,1
DA:3,1
DA:6,2
LF:3
LH:3
BRF:0
BRH:0
end_of_record
TN:
SF:src/application/use-cases/client/UpdateClientUseCase.ts
FN:5,(anonymous_0)
FNF:1
FNH:0
FNDA:0,(anonymous_0)
DA:1,0
DA:2,0
DA:4,0
DA:6,0
DA:8,0
DA:9,0
DA:11,0
DA:12,0
LF:8
LH:0
BRDA:9,0,0,0
BRDA:9,0,1,0
BRF:2
BRH:0
end_of_record
TN:
SF:src/application/use-cases/part/CreatePartUseCase.ts
FN:13,(anonymous_0)
FNF:1
FNH:1
FNDA:2,(anonymous_0)
DA:1,1
DA:12,1
DA:14,2
DA:15,2
LF:4
LH:4
BRF:0
BRH:0
end_of_record
TN:
SF:src/application/use-cases/part/DeletePartUseCase.ts
FN:7,(anonymous_0)
FN:11,(anonymous_1)
FNF:2
FNH:2
FNDA:2,(anonymous_0)
FNDA:2,(anonymous_1)
DA:1,1
DA:2,1
DA:4,1
DA:8,2
DA:12,2
DA:13,2
DA:14,1
LF:7
LH:7
BRDA:13,0,0,1
BRDA:13,0,1,1
BRF:2
BRH:2
end_of_record
TN:
SF:src/application/use-cases/part/GetPartByIdUseCase.ts
FN:5,(anonymous_0)
FNF:1
FNH:1
FNDA:6,(anonymous_0)
DA:1,3
DA:3,3
DA:6,6
LF:3
LH:3
BRF:0
BRH:0
end_of_record
TN:
SF:src/application/use-cases/part/ListPartsUseCase.ts
FN:5,(anonymous_0)
FNF:1
FNH:1
FNDA:2,(anonymous_0)
DA:1,1
DA:3,1
DA:6,2
LF:3
LH:3
BRF:0
BRH:0
end_of_record
TN:
SF:src/application/use-cases/part/UpdatePartUseCase.ts
FN:16,(anonymous_0)
FN:20,(anonymous_1)
FNF:2
FNH:2
FNDA:2,(anonymous_0)
FNDA:2,(anonymous_1)
DA:1,1
DA:2,1
DA:12,1
DA:17,2
DA:21,2
DA:23,2
DA:25,1
DA:26,1
LF:8
LH:8
BRDA:23,0,0,1
BRDA:23,0,1,1
BRF:2
BRH:2
end_of_record
TN:
SF:src/application/use-cases/service/CreateServiceUseCase.ts
FN:12,(anonymous_0)
FNF:1
FNH:1
FNDA:4,(anonymous_0)
DA:1,1
DA:11,1
DA:13,4
DA:14,4
LF:4
LH:4
BRF:0
BRH:0
end_of_record
TN:
SF:src/application/use-cases/service/DeleteServiceUseCase.ts
FN:8,(anonymous_0)
FN:12,(anonymous_1)
FNF:2
FNH:2
FNDA:2,(anonymous_0)
FNDA:2,(anonymous_1)
DA:1,1
DA:2,1
DA:5,1
DA:9,2
DA:13,2
DA:14,2
DA:15,1
LF:7
LH:7
BRDA:14,0,0,1
BRDA:14,0,1,1
BRF:2
BRH:2
end_of_record
TN:
SF:src/application/use-cases/service/GetServiceByIdUseCase.ts
FN:6,(anonymous_0)
FNF:1
FNH:1
FNDA:7,(anonymous_0)
DA:1,3
DA:4,3
DA:7,7
LF:3
LH:3
BRF:0
BRH:0
end_of_record
TN:
SF:src/application/use-cases/service/ListServicesUseCase.ts
FN:4,(anonymous_0)
FNF:1
FNH:1
FNDA:2,(anonymous_0)
DA:1,1
DA:3,1
DA:5,2
LF:3
LH:3
BRF:0
BRH:0
end_of_record
TN:
SF:src/application/use-cases/service/UpdateServiceUseCase.ts
FN:15,(anonymous_0)
FN:18,(anonymous_1)
FNF:2
FNH:2
FNDA:3,(anonymous_0)
FNDA:3,(anonymous_1)
DA:1,1
DA:2,1
DA:11,1
DA:16,3
DA:19,3
DA:20,3
DA:21,2
DA:22,2
LF:8
LH:8
BRDA:20,0,0,1
BRDA:20,0,1,2
BRF:2
BRH:2
end_of_record
TN:
SF:src/application/use-cases/service-execution/CreateExecutionsFromApprovedOrderUseCase.ts
FN:5,(anonymous_0)
FNF:1
FNH:1
FNDA:3,(anonymous_0)
DA:1,2
DA:2,2
DA:4,2
DA:6,3
DA:11,3
DA:13,2
DA:15,2
DA:16,4
DA:23,4
DA:24,3
DA:29,3
DA:33,2
LF:12
LH:12
BRDA:11,0,0,1
BRDA:11,0,1,2
BRDA:23,1,0,3
BRDA:23,1,1,1
BRF:4
BRH:4
end_of_record
TN:
SF:src/application/use-cases/service-execution/FinishServiceExecutionUseCase.ts
FN:11,(anonymous_0)
FN:45,(anonymous_1)
FN:51,(anonymous_2)
FNF:3
FNH:3
FNDA:4,(anonymous_0)
FNDA:2,(anonymous_1)
FNDA:3,(anonymous_2)
DA:1,1
DA:2,1
DA:10,1
DA:12,4
DA:20,4
DA:21,1
DA:24,3
DA:25,1
DA:28,2
DA:29,2
DA:30,2
DA:32,2
DA:33,2
DA:34,2
DA:37,2
DA:40,2
DA:42,2
DA:46,2
DA:50,2
DA:51,3
DA:53,2
DA:54,2
DA:58,2
DA:59,2
DA:60,2
DA:61,2
LF:26
LH:26
BRDA:20,0,0,1
BRDA:20,0,1,3
BRDA:24,1,0,1
BRDA:24,1,1,2
BRDA:32,2,0,2
BRDA:32,2,1,0
BRDA:53,3,0,2
BRDA:53,3,1,0
BRDA:53,4,0,2
BRDA:53,4,1,2
BRDA:58,5,0,2
BRDA:58,5,1,0
BRDA:58,6,0,2
BRDA:58,6,1,2
BRF:14
BRH:11
end_of_record
TN:
SF:src/application/use-cases/service-execution/GetAllServicesAverageUseCase.ts
FN:6,(anonymous_0)
FN:33,(anonymous_1)
FNF:2
FNH:2
FNDA:3,(anonymous_0)
FNDA:5,(anonymous_1)
DA:2,1
DA:3,1
DA:5,1
DA:7,3
DA:15,3
DA:17,3
DA:18,5
DA:19,3
DA:26,5
DA:29,3
DA:31,3
DA:33,5
DA:36,3
DA:47,3
LF:14
LH:14
BRDA:18,0,0,3
BRDA:18,0,1,2
BRDA:26,1,0,5
BRDA:26,1,1,0
BRF:4
BRH:3
end_of_record
TN:
SF:src/application/use-cases/service-execution/GetAverageTimeByServiceUseCase.ts
FN:6,(anonymous_0)
FN:26,(anonymous_1)
FN:27,(anonymous_2)
FNF:3
FNH:3
FNDA:3,(anonymous_0)
FNDA:5,(anonymous_1)
FNDA:5,(anonymous_2)
DA:2,1
DA:3,1
DA:5,1
DA:7,3
DA:15,3
DA:16,1
DA:26,5
DA:27,5
DA:28,2
DA:30,2
LF:10
LH:10
BRDA:15,0,0,1
BRDA:15,0,1,2
BRDA:26,1,0,5
BRDA:26,1,1,1
BRF:4
BRH:4
end_of_record
TN:
SF:src/application/use-cases/service-execution/GetExecutionsByPeriodUseCase.ts
FN:6,(anonymous_0)
FNF:1
FNH:1
FNDA:2,(anonymous_0)
DA:2,2
DA:3,2
DA:5,2
DA:7,2
LF:4
LH:4
BRF:0
BRH:0
end_of_record
TN:
SF:src/application/use-cases/service-execution/GetProductivityReportUseCase.ts
FN:3,(anonymous_0)
FN:7,(anonymous_1)
FNF:2
FNH:2
FNDA:3,(anonymous_0)
FNDA:3,(anonymous_1)
DA:1,1
DA:3,1
DA:5,3
DA:8,3
DA:10,3
DA:12,3
DA:13,4
DA:14,4
DA:16,3
DA:17,2
DA:25,3
DA:26,3
DA:27,3
DA:28,3
DA:35,3
DA:37,3
DA:38,2
DA:47,3
LF:18
LH:18
BRDA:14,0,0,1
BRDA:14,0,1,3
BRDA:16,1,0,2
BRDA:16,1,1,1
BRDA:27,2,0,3
BRDA:27,2,1,0
BRF:6
BRH:5
end_of_record
TN:
SF:src/application/use-cases/service-execution/GetServiceOrderTimelineUseCase.ts
FN:6,(anonymous_0)
FN:30,(anonymous_1)
FNF:2
FNH:2
FNDA:2,(anonymous_0)
FNDA:2,(anonymous_1)
DA:1,1
DA:2,1
DA:5,1
DA:7,2
DA:13,2
DA:17,2
DA:30,2
LF:7
LH:7
BRDA:24,0,0,1
BRDA:24,0,1,1
BRDA:24,1,0,2
BRDA:24,1,1,2
BRF:4
BRH:4
end_of_record
TN:
SF:src/application/use-cases/service-execution/StartServiceExecutionUseCase.ts
FN:9,(anonymous_0)
FNF:1
FNH:1
FNDA:3,(anonymous_0)
DA:1,1
DA:8,1
DA:10,3
DA:17,3
DA:18,1
DA:25,2
DA:26,1
DA:28,1
DA:29,1
DA:32,2
LF:10
LH:10
BRDA:17,0,0,1
BRDA:17,0,1,2
BRDA:25,1,0,1
BRDA:25,1,1,1
BRF:4
BRH:4
end_of_record
TN:
SF:src/application/use-cases/service-order/AcceptOrderUseCase.ts
FN:6,(anonymous_0)
FNF:1
FNH:1
FNDA:4,(anonymous_0)
DA:1,1
DA:2,1
DA:5,1
DA:7,4
DA:14,4
DA:15,1
DA:18,3
DA:22,3
DA:24,3
DA:25,1
DA:28,2
DA:29,1
DA:32,1
DA:33,1
DA:34,1
DA:35,1
DA:37,1
DA:39,1
LF:18
LH:18
BRDA:14,0,0,1
BRDA:14,0,1,3
BRDA:22,1,0,0
BRDA:22,1,1,3
BRDA:24,2,0,1
BRDA:24,2,1,2
BRDA:28,3,0,1
BRDA:28,3,1,1
BRF:8
BRH:7
end_of_record
TN:
SF:src/application/use-cases/service-order/AddDiagnosticUseCase.ts
FN:9,(anonymous_0)
FNF:1
FNH:1
FNDA:2,(anonymous_0)
DA:1,1
DA:2,1
DA:3,1
DA:4,1
DA:8,1
DA:10,2
DA:15,2
DA:16,2
DA:17,1
DA:20,1
DA:24,1
DA:28,1
DA:39,1
LF:13
LH:13
BRDA:15,0,0,0
BRDA:15,0,1,2
BRDA:16,1,0,1
BRDA:16,1,1,1
BRDA:20,2,0,1
BRDA:20,2,1,0
BRDA:24,3,0,1
BRDA:24,3,1,0
BRDA:32,4,0,1
BRDA:32,4,1,0
BRF:10
BRH:6
end_of_record
TN:
SF:src/application/use-cases/service-order/ApproveServiceOrderUseCase.ts
FN:28,(anonymous_0)
FN:35,(anonymous_1)
FN:56,(anonymous_2)
FN:56,(anonymous_3)
FN:104,(anonymous_4)
FN:109,(anonymous_5)
FN:110,(anonymous_6)
FN:157,(anonymous_7)
FN:165,(anonymous_8)
FN:166,(anonymous_9)
FNF:10
FNH:8
FNDA:5,(anonymous_0)
FNDA:5,(anonymous_1)
FNDA:1,(anonymous_2)
FNDA:1,(anonymous_3)
FNDA:0,(anonymous_4)
FNDA:2,(anonymous_5)
FNDA:1,(anonymous_6)
FNDA:0,(anonymous_7)
FNDA:2,(anonymous_8)
FNDA:1,(anonymous_9)
DA:1,1
DA:2,1
DA:3,1
DA:8,1
DA:9,1
DA:10,1
DA:13,1
DA:14,1
DA:22,1
DA:29,5
DA:30,5
DA:31,5
DA:32,5
DA:36,5
DA:45,5
DA:46,5
DA:47,4
DA:48,1
DA:50,3
DA:51,1
DA:54,2
DA:56,1
DA:58,2
DA:59,2
DA:60,2
DA:62,2
DA:63,3
DA:65,2
DA:66,2
DA:69,2
DA:70,1
DA:71,1
DA:72,1
DA:73,0
DA:75,1
DA:80,2
DA:83,2
DA:88,2
DA:89,2
DA:90,1
DA:91,1
DA:93,1
DA:94,0
DA:102,2
DA:103,0
DA:104,0
DA:106,0
DA:109,2
DA:110,2
DA:111,2
DA:113,2
DA:114,2
DA:115,2
DA:116,2
DA:117,2
DA:118,2
DA:120,2
DA:123,2
DA:124,2
DA:125,1
DA:126,1
DA:127,1
DA:133,1
DA:135,0
DA:136,0
DA:142,0
DA:147,2
DA:149,2
DA:155,2
DA:156,0
DA:157,0
DA:158,0
DA:162,2
DA:165,2
DA:166,1
LF:75
LH:64
BRDA:45,0,0,0
BRDA:45,0,1,5
BRDA:46,1,0,1
BRDA:46,1,1,4
BRDA:47,2,0,1
BRDA:47,2,1,3
BRDA:50,3,0,1
BRDA:50,3,1,2
BRDA:50,4,0,3
BRDA:50,4,1,3
BRDA:54,5,0,1
BRDA:54,5,1,1
BRDA:54,6,0,2
BRDA:54,6,1,1
BRDA:63,7,0,1
BRDA:63,7,1,2
BRDA:65,8,0,2
BRDA:65,8,1,0
BRDA:69,9,0,2
BRDA:69,9,1,0
BRDA:72,10,0,0
BRDA:72,10,1,1
BRDA:80,11,0,2
BRDA:80,11,1,0
BRDA:83,12,0,1
BRDA:83,12,1,1
BRDA:90,13,0,1
BRDA:90,13,1,0
BRDA:93,14,0,0
BRDA:93,14,1,1
BRDA:102,15,0,0
BRDA:102,15,1,2
BRDA:125,16,0,1
BRDA:125,16,1,0
BRDA:155,17,0,0
BRDA:155,17,1,2
BRDA:165,18,0,2
BRDA:165,18,1,0
BRDA:166,19,0,2
BRDA:166,19,1,0
BRF:40
BRH:28
end_of_record
TN:
SF:src/application/use-cases/service-order/CreateServiceOrderUseCase.ts
FN:12,(anonymous_0)
FN:160,(anonymous_1)
FNF:2
FNH:2
FNDA:6,(anonymous_0)
FNDA:1,(anonymous_1)
DA:4,1
DA:5,1
DA:6,1
DA:7,1
DA:11,1
DA:14,6
DA:15,6
DA:18,5
DA:19,3
DA:22,4
DA:27,4
DA:28,2
DA:29,0
DA:32,2
DA:39,2
DA:40,0
DA:43,2
DA:51,2
DA:59,2
DA:61,2
DA:67,2
DA:68,1
DA:75,1
DA:76,0
DA:79,1
DA:87,1
DA:89,1
DA:95,1
DA:96,0
DA:101,0
DA:102,0
DA:103,0
DA:110,0
DA:112,0
DA:117,0
DA:120,0
DA:121,0
DA:124,0
DA:132,0
DA:140,0
DA:142,0
DA:149,1
DA:160,1
LF:43
LH:27
BRDA:14,0,0,6
BRDA:14,0,1,0
BRDA:18,1,0,3
BRDA:18,1,1,2
BRDA:27,2,0,2
BRDA:27,2,1,2
BRDA:28,3,0,0
BRDA:28,3,1,2
BRDA:28,4,0,2
BRDA:28,4,1,2
BRDA:28,4,2,2
BRDA:39,5,0,0
BRDA:39,5,1,2
BRDA:67,6,0,1
BRDA:67,6,1,1
BRDA:75,7,0,0
BRDA:75,7,1,1
BRDA:95,8,0,0
BRDA:95,8,1,1
BRDA:101,9,0,0
BRDA:101,9,1,0
BRDA:102,10,0,0
BRDA:102,10,1,0
BRDA:120,11,0,0
BRDA:120,11,1,0
BRDA:120,12,0,0
BRDA:120,12,1,0
BRDA:120,12,2,0
BRDA:160,13,0,1
BRDA:160,13,1,0
BRF:30
BRH:15
end_of_record
TN:
SF:src/application/use-cases/service-order/DeliverServiceOrderUseCase.ts
FN:7,(anonymous_0)
FN:23,(anonymous_1)
FNF:2
FNH:1
FNDA:2,(anonymous_0)
FNDA:0,(anonymous_1)
DA:1,1
DA:3,1
DA:6,1
DA:8,2
DA:13,2
DA:14,2
DA:15,1
DA:18,1
DA:19,1
DA:21,1
DA:22,0
DA:23,0
DA:24,0
DA:28,1
LF:14
LH:11
BRDA:13,0,0,0
BRDA:13,0,1,2
BRDA:14,1,0,1
BRDA:14,1,1,1
BRDA:21,2,0,0
BRDA:21,2,1,1
BRF:6
BRH:4
end_of_record
TN:
SF:src/application/use-cases/service-order/FinishDiagnosticUseCase.ts
FN:7,(anonymous_0)
FN:39,(anonymous_1)
FN:45,(anonymous_2)
FN:46,(anonymous_3)
FN:58,(anonymous_4)
FN:59,(anonymous_5)
FNF:6
FNH:4
FNDA:3,(anonymous_0)
FNDA:0,(anonymous_1)
FNDA:1,(anonymous_2)
FNDA:1,(anonymous_3)
FNDA:1,(anonymous_4)
FNDA:0,(anonymous_5)
DA:1,1
DA:2,1
DA:3,1
DA:6,1
DA:8,3
DA:18,3
DA:19,3
DA:20,1
DA:23,2
DA:25,2
DA:26,2
DA:28,2
DA:31,2
DA:32,0
DA:33,0
DA:39,0
DA:40,0
DA:44,2
DA:45,1
DA:46,1
DA:57,2
DA:58,1
DA:59,0
DA:70,2
LF:24
LH:19
BRDA:18,0,0,0
BRDA:18,0,1,3
BRDA:19,1,0,1
BRDA:19,1,1,2
BRDA:31,2,0,0
BRDA:31,2,1,2
BRDA:32,3,0,0
BRDA:32,3,1,0
BRDA:44,4,0,2
BRDA:44,4,1,0
BRDA:57,5,0,2
BRDA:57,5,1,0
BRF:12
BRH:6
end_of_record
TN:
SF:src/application/use-cases/service-order/FinishServiceOrderUseCase.ts
FN:6,(anonymous_0)
FN:24,(anonymous_1)
FNF:2
FNH:1
FNDA:3,(anonymous_0)
FNDA:0,(anonymous_1)
DA:1,1
DA:2,1
DA:5,1
DA:7,3
DA:12,3
DA:13,3
DA:14,2
DA:15,1
DA:18,1
DA:19,1
DA:20,1
DA:22,1
DA:23,0
DA:24,0
DA:25,0
DA:29,1
LF:16
LH:13
BRDA:12,0,0,0
BRDA:12,0,1,3
BRDA:13,1,0,1
BRDA:13,1,1,2
BRDA:14,2,0,1
BRDA:14,2,1,1
BRDA:22,3,0,0
BRDA:22,3,1,1
BRF:8
BRH:6
end_of_record
TN:
SF:src/application/use-cases/service-order/GetServiceOrderByIdUseCase.ts
FN:5,(anonymous_0)
FN:26,(anonymous_1)
FN:27,(anonymous_2)
FN:28,(anonymous_3)
FNF:4
FNH:1
FNDA:2,(anonymous_0)
FNDA:0,(anonymous_1)
FNDA:0,(anonymous_2)
FNDA:0,(anonymous_3)
DA:1,1
DA:4,1
DA:6,2
DA:22,2
DA:24,1
DA:26,0
DA:27,0
DA:28,0
LF:8
LH:5
BRDA:22,0,0,1
BRDA:22,0,1,1
BRF:2
BRH:2
end_of_record
TN:
SF:src/application/use-cases/service-order/GetServiceOrderStatusUseCase.ts
FN:5,(anonymous_0)
FNF:1
FNH:0
FNDA:0,(anonymous_0)
DA:1,0
DA:4,0
DA:6,0
DA:10,0
LF:4
LH:0
BRF:0
BRH:0
end_of_record
TN:
SF:src/application/use-cases/service-order/ListServiceOrdersUseCase.ts
FN:6,(anonymous_0)
FN:28,(anonymous_1)
FN:36,(anonymous_2)
FN:38,(anonymous_3)
FN:39,(anonymous_4)
FNF:5
FNH:5
FNDA:1,(anonymous_0)
FNDA:1,(anonymous_1)
FNDA:2,(anonymous_2)
FNDA:1,(anonymous_3)
FNDA:1,(anonymous_4)
DA:2,1
DA:3,1
DA:5,1
DA:7,1
DA:8,1
DA:9,1
DA:12,1
DA:21,1
DA:28,1
DA:29,1
DA:30,1
DA:31,1
DA:32,1
DA:36,2
DA:38,1
DA:39,1
LF:16
LH:16
BRDA:6,0,0,1
BRDA:8,1,0,1
BRDA:8,1,1,0
BRDA:29,2,0,1
BRDA:29,2,1,1
BRDA:30,3,0,1
BRDA:30,3,1,1
BRDA:31,4,0,0
BRDA:31,4,1,1
BRDA:32,5,0,0
BRDA:32,5,1,1
BRDA:33,6,0,0
BRDA:33,6,1,1
BRF:13
BRH:9
end_of_record
TN:
SF:src/application/use-cases/service-order/RejectServiceOrderUseCase.ts
FN:6,(anonymous_0)
FN:23,(anonymous_1)
FNF:2
FNH:0
FNDA:0,(anonymous_0)
FNDA:0,(anonymous_1)
DA:1,0
DA:2,0
DA:5,0
DA:7,0
DA:12,0
DA:13,0
DA:14,0
DA:17,0
DA:18,0
DA:19,0
DA:21,0
DA:22,0
DA:23,0
DA:24,0
DA:28,0
LF:15
LH:0
BRDA:12,0,0,0
BRDA:12,0,1,0
BRDA:13,1,0,0
BRDA:13,1,1,0
BRDA:21,2,0,0
BRDA:21,2,1,0
BRF:6
BRH:0
end_of_record
TN:
SF:src/application/use-cases/service-order/UpdateServiceOrderStatusUseCase.ts
FN:5,(anonymous_0)
FNF:1
FNH:0
FNDA:0,(anonymous_0)
DA:1,0
DA:4,0
DA:6,0
DA:11,0
DA:12,0
DA:15,0
DA:16,0
DA:18,0
DA:19,0
LF:9
LH:0
BRDA:11,0,0,0
BRDA:11,0,1,0
BRDA:16,1,0,0
BRDA:16,1,1,0
BRF:4
BRH:0
end_of_record
TN:
SF:src/application/use-cases/stock/AddStockUseCase.ts
FN:5,(anonymous_0)
FNF:1
FNH:1
FNDA:3,(anonymous_0)
DA:1,1
DA:2,1
DA:4,1
DA:6,3
DA:8,3
DA:10,2
DA:11,2
DA:13,2
DA:24,2
LF:9
LH:9
BRDA:8,0,0,1
BRDA:8,0,1,2
BRDA:20,1,0,2
BRDA:20,1,1,1
BRF:4
BRH:4
end_of_record
TN:
SF:src/application/use-cases/stock/CheckStockAvailabilityUseCase.ts
FN:4,(anonymous_0)
FNF:1
FNH:1
FNDA:3,(anonymous_0)
DA:1,2
DA:3,2
DA:5,3
DA:7,3
DA:8,1
DA:11,2
DA:13,2
LF:7
LH:7
BRDA:7,0,0,1
BRDA:7,0,1,2
BRDA:17,1,0,1
BRDA:17,1,1,1
BRF:4
BRH:4
end_of_record
TN:
SF:src/application/use-cases/stock/GetCriticalStockUseCase.ts
FN:4,(anonymous_0)
FNF:1
FNH:1
FNDA:2,(anonymous_0)
DA:1,1
DA:3,1
DA:5,2
LF:3
LH:3
BRF:0
BRH:0
end_of_record
TN:
SF:src/application/use-cases/stock/GetLowStockUseCase.ts
FN:5,(anonymous_0)
FNF:1
FNH:1
FNDA:2,(anonymous_0)
DA:1,1
DA:2,1
DA:4,1
DA:6,2
LF:4
LH:4
BRF:0
BRH:0
end_of_record
TN:
SF:src/application/use-cases/stock/GetStockMovementsUseCase.ts
FN:12,(anonymous_0)
FNF:1
FNH:1
FNDA:6,(anonymous_0)
DA:1,1
DA:11,1
DA:13,6
DA:19,6
DA:20,2
DA:23,6
DA:24,2
DA:29,6
DA:30,2
DA:35,6
DA:36,2
DA:41,6
DA:42,2
DA:47,6
LF:14
LH:14
BRDA:19,0,0,2
BRDA:19,0,1,4
BRDA:23,1,0,2
BRDA:23,1,1,4
BRDA:29,2,0,2
BRDA:29,2,1,4
BRDA:35,3,0,2
BRDA:35,3,1,4
BRDA:41,4,0,2
BRDA:41,4,1,4
BRF:10
BRH:10
end_of_record
TN:
SF:src/application/use-cases/stock/GetStockSummaryUseCase.ts
FN:5,(anonymous_0)
FN:9,(anonymous_1)
FN:16,(anonymous_2)
FNF:3
FNH:3
FNDA:2,(anonymous_0)
FNDA:4,(anonymous_1)
FNDA:4,(anonymous_2)
DA:1,1
DA:3,1
DA:6,2
DA:8,2
DA:9,4
DA:13,2
DA:16,4
LF:7
LH:7
BRDA:21,0,0,3
BRDA:21,0,1,1
BRDA:23,1,0,0
BRDA:23,1,1,1
BRF:4
BRH:3
end_of_record
TN:
SF:src/application/use-cases/stock/ReserveStockUseCase.ts
FN:5,(anonymous_0)
FNF:1
FNH:1
FNDA:4,(anonymous_0)
DA:1,2
DA:2,2
DA:4,2
DA:6,4
DA:8,4
DA:10,3
DA:11,1
DA:14,2
DA:15,2
DA:17,2
DA:29,2
LF:11
LH:11
BRDA:8,0,0,1
BRDA:8,0,1,3
BRDA:10,1,0,1
BRDA:10,1,1,2
BRDA:25,2,0,2
BRDA:25,2,1,1
BRF:6
BRH:6
end_of_record
TN:
SF:src/application/use-cases/stock/RestoreStockUseCase.ts
FN:5,(anonymous_0)
FNF:1
FNH:0
FNDA:0,(anonymous_0)
DA:1,1
DA:2,1
DA:4,1
DA:6,0
DA:8,0
DA:10,0
DA:11,0
DA:13,0
DA:24,0
LF:9
LH:3
BRDA:8,0,0,0
BRDA:8,0,1,0
BRF:2
BRH:0
end_of_record
TN:
SF:src/application/use-cases/user/CreateUserUseCase.ts
FN:6,(anonymous_1)
FNF:1
FNH:1
FNDA:2,(anonymous_1)
DA:1,1
DA:3,1
DA:5,1
DA:7,2
DA:9,2
DA:10,2
DA:11,1
DA:14,1
DA:16,1
DA:23,1
LF:10
LH:10
BRDA:10,0,0,1
BRDA:10,0,1,1
BRF:2
BRH:2
end_of_record
TN:
SF:src/application/use-cases/user/LoginUserUseCase.ts
FN:10,(anonymous_1)
FNF:1
FNH:1
FNDA:3,(anonymous_1)
DA:1,1
DA:2,1
DA:3,1
DA:6,1
DA:8,1
DA:11,3
DA:12,3
DA:14,2
DA:15,2
DA:17,1
DA:19,1
DA:20,1
LF:12
LH:12
BRDA:12,0,0,1
BRDA:12,0,1,2
BRDA:15,1,0,1
BRDA:15,1,1,1
BRF:4
BRH:4
end_of_record
TN:
SF:src/application/use-cases/user/LogoutUserUseCase.ts
FN:4,(anonymous_0)
FNF:1
FNH:0
FNDA:0,(anonymous_0)
DA:2,0
DA:5,0
LF:2
LH:0
BRF:0
BRH:0
end_of_record
TN:
SF:src/application/use-cases/vehicle/CreateVehicleUseCase.ts
FN:15,(anonymous_0)
FNF:1
FNH:1
FNDA:3,(anonymous_0)
DA:1,1
DA:2,1
DA:13,1
DA:16,3
DA:17,3
DA:19,2
DA:20,2
DA:22,1
DA:23,1
DA:24,1
LF:10
LH:10
BRDA:17,0,0,1
BRDA:17,0,1,2
BRDA:20,1,0,1
BRDA:20,1,1,1
BRF:4
BRH:4
end_of_record
TN:
SF:src/application/use-cases/vehicle/DeleteVehicleUseCase.ts
FN:5,(anonymous_0)
FNF:1
FNH:0
FNDA:0,(anonymous_0)
DA:1,0
DA:2,0
DA:4,0
DA:6,0
DA:8,0
DA:12,0
DA:15,0
DA:16,0
LF:8
LH:0
BRDA:12,0,0,0
BRDA:12,0,1,0
BRF:2
BRH:0
end_of_record
TN:
SF:src/application/use-cases/vehicle/GetVehicleByIdUseCase.ts
FN:5,(anonymous_0)
FNF:1
FNH:1
FNDA:2,(anonymous_0)
DA:1,1
DA:3,1
DA:6,2
LF:3
LH:3
BRF:0
BRH:0
end_of_record
TN:
SF:src/application/use-cases/vehicle/ListVehiclesUseCase.ts
FN:4,(anonymous_0)
FNF:1
FNH:1
FNDA:2,(anonymous_0)
DA:1,1
DA:3,1
DA:5,2
LF:3
LH:3
BRF:0
BRH:0
end_of_record
TN:
SF:src/application/use-cases/vehicle/UpdateVehicleUseCase.ts
FN:6,(anonymous_0)
FNF:1
FNH:0
FNDA:0,(anonymous_0)
DA:1,0
DA:2,0
DA:3,0
DA:5,0
DA:7,0
DA:9,0
DA:10,0
DA:12,0
DA:13,0
DA:15,0
DA:16,0
DA:17,0
DA:21,0
DA:22,0
LF:14
LH:0
BRDA:10,0,0,0
BRDA:10,0,1,0
BRDA:12,1,0,0
BRDA:12,1,1,0
BRDA:16,2,0,0
BRDA:16,2,1,0
BRDA:16,3,0,0
BRDA:16,3,1,0
BRF:8
BRH:0
end_of_record
TN:
SF:src/domain/entities/Client.ts
FN:24,(anonymous_2)
FN:30,(anonymous_3)
FN:30,(anonymous_4)
FN:33,(anonymous_5)
FN:33,(anonymous_6)
FNF:5
FNH:0
FNDA:0,(anonymous_2)
FNDA:0,(anonymous_3)
FNDA:0,(anonymous_4)
FNDA:0,(anonymous_5)
FNDA:0,(anonymous_6)
DA:1,4
DA:2,4
DA:3,4
DA:7,4
DA:10,4
DA:13,4
DA:16,4
DA:19,4
DA:22,4
DA:24,0
DA:25,4
DA:28,4
DA:30,0
DA:31,4
DA:33,0
DA:34,4
LF:16
LH:13
BRF:0
BRH:0
end_of_record
TN:
SF:src/domain/entities/Diagnostic.ts
FN:31,(anonymous_2)
FN:35,(anonymous_3)
FN:42,(anonymous_4)
FN:42,(anonymous_5)
FNF:4
FNH:0
FNDA:0,(anonymous_2)
FNDA:0,(anonymous_3)
FNDA:0,(anonymous_4)
FNDA:0,(anonymous_5)
DA:1,4
DA:2,4
DA:3,4
DA:4,4
DA:7,4
DA:9,4
DA:12,4
DA:15,4
DA:18,4
DA:26,4
DA:29,4
DA:31,0
DA:33,4
DA:35,0
DA:37,4
DA:40,4
DA:42,0
DA:43,4
LF:18
LH:15
BRF:0
BRH:0
end_of_record
TN:
SF:src/domain/entities/Part.ts
FN:24,(anonymous_2)
FNF:1
FNH:0
FNDA:0,(anonymous_2)
DA:1,4
DA:4,4
DA:7,4
DA:10,4
DA:13,4
DA:16,4
DA:19,4
DA:22,4
DA:24,0
DA:25,4
LF:10
LH:9
BRF:0
BRH:0
end_of_record
TN:
SF:src/domain/entities/Service.ts
FN:21,(anonymous_2)
FNF:1
FNH:0
FNDA:0,(anonymous_2)
DA:1,4
DA:4,4
DA:7,4
DA:10,4
DA:13,4
DA:16,4
DA:19,4
DA:21,0
DA:22,4
LF:9
LH:8
BRF:0
BRH:0
end_of_record
TN:
SF:src/domain/entities/ServiceExecution.ts
FN:11,(anonymous_2)
FN:18,(anonymous_3)
FN:40,(anonymous_4)
FNF:3
FNH:0
FNDA:0,(anonymous_2)
FNDA:0,(anonymous_3)
FNDA:0,(anonymous_4)
DA:2,4
DA:3,4
DA:4,4
DA:7,4
DA:9,4
DA:11,0
DA:13,4
DA:16,4
DA:18,0
DA:20,4
DA:23,4
DA:26,4
DA:29,4
DA:32,4
DA:35,4
DA:38,4
DA:40,0
DA:41,4
LF:18
LH:15
BRF:0
BRH:0
end_of_record
TN:
SF:src/domain/entities/ServiceOrder.ts
FN:15,(anonymous_2)
FN:15,(anonymous_3)
FN:18,(anonymous_4)
FN:18,(anonymous_5)
FN:21,(anonymous_6)
FN:28,(anonymous_7)
FN:32,(anonymous_8)
FN:36,(anonymous_9)
FN:36,(anonymous_10)
FN:39,(anonymous_11)
FN:39,(anonymous_12)
FN:63,(anonymous_13)
FNF:12
FNH:0
FNDA:0,(anonymous_2)
FNDA:0,(anonymous_3)
FNDA:0,(anonymous_4)
FNDA:0,(anonymous_5)
FNDA:0,(anonymous_6)
FNDA:0,(anonymous_7)
FNDA:0,(anonymous_8)
FNDA:0,(anonymous_9)
FNDA:0,(anonymous_10)
FNDA:0,(anonymous_11)
FNDA:0,(anonymous_12)
FNDA:0,(anonymous_13)
DA:1,4
DA:2,4
DA:3,4
DA:4,4
DA:5,4
DA:6,4
DA:7,4
DA:8,4
DA:11,4
DA:13,4
DA:15,0
DA:16,4
DA:18,0
DA:19,4
DA:21,0
DA:23,4
DA:26,4
DA:28,0
DA:30,4
DA:32,0
DA:34,4
DA:36,0
DA:37,4
DA:39,0
DA:40,4
DA:43,4
DA:46,4
DA:49,4
DA:52,4
DA:55,4
DA:58,4
DA:61,4
DA:63,0
DA:64,4
LF:34
LH:26
BRF:0
BRH:0
end_of_record
TN:
SF:src/domain/entities/StockMovement.ts
FN:18,(anonymous_2)
FN:40,(anonymous_3)
FNF:2
FNH:0
FNDA:0,(anonymous_2)
FNDA:0,(anonymous_3)
DA:2,2
DA:10,2
DA:11,2
DA:14,2
DA:16,2
DA:18,0
DA:20,2
DA:23,2
DA:26,2
DA:29,2
DA:32,2
DA:35,2
DA:38,2
DA:40,0
DA:42,2
DA:45,2
DA:48,2
DA:51,2
DA:54,2
LF:19
LH:17
BRF:0
BRH:0
end_of_record
TN:
SF:src/domain/entities/User.ts
FN:23,(anonymous_2)
FN:23,(anonymous_3)
FNF:2
FNH:0
FNDA:0,(anonymous_2)
FNDA:0,(anonymous_3)
DA:1,4
DA:2,4
DA:6,4
DA:9,4
DA:12,4
DA:15,4
DA:18,4
DA:21,4
DA:23,0
DA:24,4
LF:10
LH:9
BRF:0
BRH:0
end_of_record
TN:
SF:src/domain/entities/Vehicle.ts
FN:25,(anonymous_2)
FN:25,(anonymous_3)
FN:28,(anonymous_4)
FN:28,(anonymous_5)
FNF:4
FNH:0
FNDA:0,(anonymous_2)
FNDA:0,(anonymous_3)
FNDA:0,(anonymous_4)
FNDA:0,(anonymous_5)
DA:1,4
DA:2,4
DA:3,4
DA:6,4
DA:8,4
DA:11,4
DA:14,4
DA:17,4
DA:20,4
DA:23,4
DA:25,0
DA:26,4
DA:28,0
DA:29,4
LF:14
LH:12
BRF:0
BRH:0
end_of_record
TN:
SF:src/infrastructure/auth/middlewares/AuthMiddleware.ts
FN:13,AuthMiddleware
FNF:1
FNH:0
FNDA:0,AuthMiddleware
DA:2,0
DA:3,0
DA:4,0
DA:7,0
DA:13,0
DA:18,0
DA:19,0
DA:22,0
DA:23,0
DA:25,0
DA:26,0
DA:29,0
DA:30,0
DA:31,0
DA:34,0
DA:36,0
DA:40,0
DA:41,0
DA:44,0
DA:46,0
DA:48,0
DA:49,0
DA:51,0
LF:23
LH:0
BRDA:18,0,0,0
BRDA:18,0,1,0
BRDA:18,1,0,0
BRDA:18,1,1,0
BRDA:18,1,2,0
BRDA:25,2,0,0
BRDA:25,2,1,0
BRDA:30,3,0,0
BRDA:30,3,1,0
BRDA:40,4,0,0
BRDA:40,4,1,0
BRDA:48,5,0,0
BRDA:48,5,1,0
BRDA:48,6,0,0
BRDA:48,6,1,0
BRF:15
BRH:0
end_of_record
TN:
SF:src/infrastructure/database/data-source.ts
FNF:0
FNH:0
DA:1,4
DA:3,4
DA:5,4
LF:3
LH:3
BRDA:12,0,0,0
BRDA:12,0,1,4
BRDA:15,1,0,0
BRDA:15,1,1,4
BRF:4
BRH:2
end_of_record
TN:
SF:src/infrastructure/email/EmailService.ts
FN:18,sendEmail
FN:29,emailOrcamentoDisponivel
FN:57,emailStatusAtualizado
FNF:3
FNH:0
FNDA:0,sendEmail
FNDA:0,emailOrcamentoDisponivel
FNDA:0,emailStatusAtualizado
DA:1,4
DA:3,4
DA:18,4
DA:19,0
DA:29,4
DA:30,0
DA:31,0
DA:33,0
DA:57,4
DA:58,0
DA:67,0
LF:11
LH:5
BRDA:4,0,0,4
BRDA:4,0,1,0
BRDA:5,1,0,4
BRDA:5,1,1,0
BRDA:68,2,0,0
BRDA:68,2,1,0
BRDA:72,3,0,0
BRDA:72,3,1,0
BRF:8
BRH:2
end_of_record
TN:
SF:src/infrastructure/repositories/ClientRepository.ts
FN:4,(anonymous_0)
FN:6,(anonymous_1)
FNF:2
FNH:0
FNDA:0,(anonymous_0)
FNDA:0,(anonymous_1)
DA:1,0
DA:2,0
DA:4,0
DA:5,0
DA:7,0
LF:5
LH:0
BRF:0
BRH:0
end_of_record
TN:
SF:src/infrastructure/repositories/DiagnosticRepository.ts
FN:4,(anonymous_0)
FN:6,(anonymous_1)
FNF:2
FNH:0
FNDA:0,(anonymous_0)
FNDA:0,(anonymous_1)
DA:1,0
DA:2,0
DA:4,0
DA:5,0
DA:7,0
LF:5
LH:0
BRF:0
BRH:0
end_of_record
TN:
SF:src/infrastructure/repositories/PartRepository.ts
FN:4,(anonymous_0)
FN:6,(anonymous_1)
FNF:2
FNH:0
FNDA:0,(anonymous_0)
FNDA:0,(anonymous_1)
DA:1,0
DA:2,0
DA:4,0
DA:5,0
DA:7,0
LF:5
LH:0
BRF:0
BRH:0
end_of_record
TN:
SF:src/infrastructure/repositories/ServiceExecutionRepository.ts
FN:4,(anonymous_0)
FN:6,(anonymous_1)
FNF:2
FNH:0
FNDA:0,(anonymous_0)
FNDA:0,(anonymous_1)
DA:1,2
DA:2,2
DA:4,2
DA:5,2
DA:7,0
LF:5
LH:4
BRF:0
BRH:0
end_of_record
TN:
SF:src/infrastructure/repositories/ServiceOrderRepository.ts
FN:4,(anonymous_0)
FN:6,(anonymous_1)
FNF:2
FNH:0
FNDA:0,(anonymous_0)
FNDA:0,(anonymous_1)
DA:1,0
DA:2,0
DA:4,0
DA:5,0
DA:7,0
LF:5
LH:0
BRF:0
BRH:0
end_of_record
TN:
SF:src/infrastructure/repositories/ServiceRepository.ts
FN:4,(anonymous_0)
FN:6,(anonymous_1)
FNF:2
FNH:0
FNDA:0,(anonymous_0)
FNDA:0,(anonymous_1)
DA:1,0
DA:2,0
DA:4,0
DA:5,0
DA:7,0
LF:5
LH:0
BRF:0
BRH:0
end_of_record
TN:
SF:src/infrastructure/repositories/StockMovementRepository.ts
FN:4,(anonymous_0)
FN:6,(anonymous_1)
FNF:2
FNH:0
FNDA:0,(anonymous_0)
FNDA:0,(anonymous_1)
DA:1,2
DA:2,2
DA:4,2
DA:5,2
DA:7,0
LF:5
LH:4
BRF:0
BRH:0
end_of_record
TN:
SF:src/infrastructure/repositories/UserRepository.ts
FN:4,(anonymous_0)
FN:6,(anonymous_1)
FNF:2
FNH:0
FNDA:0,(anonymous_0)
FNDA:0,(anonymous_1)
DA:1,0
DA:2,0
DA:4,0
DA:5,0
DA:7,0
LF:5
LH:0
BRF:0
BRH:0
end_of_record
TN:
SF:src/infrastructure/repositories/VehicleRepository.ts
FN:4,(anonymous_0)
FN:6,(anonymous_1)
FNF:2
FNH:0
FNDA:0,(anonymous_0)
FNDA:0,(anonymous_1)
DA:1,0
DA:2,0
DA:4,0
DA:5,0
DA:7,0
LF:5
LH:0
BRF:0
BRH:0
end_of_record
TN:
SF:src/infrastructure/web/controllers/ClientController.ts
FN:11,(anonymous_0)
FN:22,(anonymous_1)
FN:28,(anonymous_2)
FN:35,(anonymous_3)
FN:47,(anonymous_4)
FN:57,(anonymous_5)
FNF:6
FNH:0
FNDA:0,(anonymous_0)
FNDA:0,(anonymous_1)
FNDA:0,(anonymous_2)
FNDA:0,(anonymous_3)
FNDA:0,(anonymous_4)
FNDA:0,(anonymous_5)
DA:2,0
DA:3,0
DA:4,0
DA:5,0
DA:6,0
DA:7,0
DA:9,0
DA:12,0
DA:13,0
DA:14,0
DA:15,0
DA:16,0
DA:18,0
DA:23,0
DA:24,0
DA:25,0
DA:29,0
DA:30,0
DA:31,0
DA:32,0
DA:36,0
DA:37,0
DA:40,0
DA:41,0
DA:42,0
DA:48,0
DA:49,0
DA:50,0
DA:51,0
DA:53,0
DA:58,0
DA:59,0
DA:60,0
DA:61,0
DA:63,0
LF:35
LH:0
BRDA:31,0,0,0
BRDA:31,0,1,0
BRDA:37,1,0,0
BRDA:37,1,1,0
BRDA:41,2,0,0
BRDA:41,2,1,0
BRF:6
BRH:0
end_of_record
TN:
SF:src/infrastructure/web/controllers/PartController.ts
FN:10,(anonymous_0)
FN:20,(anonymous_1)
FN:26,(anonymous_2)
FN:33,(anonymous_3)
FN:43,(anonymous_4)
FNF:5
FNH:0
FNDA:0,(anonymous_0)
FNDA:0,(anonymous_1)
FNDA:0,(anonymous_2)
FNDA:0,(anonymous_3)
FNDA:0,(anonymous_4)
DA:3,0
DA:4,0
DA:5,0
DA:6,0
DA:7,0
DA:9,0
DA:11,0
DA:12,0
DA:13,0
DA:14,0
DA:16,0
DA:21,0
DA:22,0
DA:23,0
DA:27,0
DA:28,0
DA:29,0
DA:30,0
DA:34,0
DA:35,0
DA:36,0
DA:37,0
DA:39,0
DA:44,0
DA:45,0
DA:46,0
DA:47,0
DA:49,0
LF:28
LH:0
BRDA:29,0,0,0
BRDA:29,0,1,0
BRF:2
BRH:0
end_of_record
TN:
SF:src/infrastructure/web/controllers/ServiceController.ts
FN:10,(anonymous_0)
FN:20,(anonymous_1)
FN:26,(anonymous_2)
FN:33,(anonymous_3)
FN:43,(anonymous_4)
FNF:5
FNH:0
FNDA:0,(anonymous_0)
FNDA:0,(anonymous_1)
FNDA:0,(anonymous_2)
FNDA:0,(anonymous_3)
FNDA:0,(anonymous_4)
DA:3,0
DA:4,0
DA:5,0
DA:6,0
DA:7,0
DA:9,0
DA:11,0
DA:12,0
DA:13,0
DA:14,0
DA:16,0
DA:21,0
DA:22,0
DA:23,0
DA:27,0
DA:28,0
DA:29,0
DA:30,0
DA:34,0
DA:35,0
DA:36,0
DA:37,0
DA:39,0
DA:44,0
DA:45,0
DA:46,0
DA:47,0
DA:49,0
LF:28
LH:0
BRDA:29,0,0,0
BRDA:29,0,1,0
BRF:2
BRH:0
end_of_record
TN:
SF:src/infrastructure/web/controllers/ServiceExecutionController.ts
FN:17,(anonymous_0)
FN:25,(anonymous_1)
FN:44,(anonymous_2)
FN:64,(anonymous_3)
FN:80,(anonymous_4)
FN:95,(anonymous_5)
FNF:6
FNH:0
FNDA:0,(anonymous_0)
FNDA:0,(anonymous_1)
FNDA:0,(anonymous_2)
FNDA:0,(anonymous_3)
FNDA:0,(anonymous_4)
FNDA:0,(anonymous_5)
DA:3,0
DA:4,0
DA:5,0
DA:6,0
DA:7,0
DA:10,0
DA:18,0
DA:19,0
DA:20,0
DA:21,0
DA:22,0
DA:26,0
DA:27,0
DA:31,0
DA:37,0
DA:45,0
DA:46,0
DA:51,0
DA:57,0
DA:65,0
DA:66,0
DA:67,0
DA:68,0
DA:73,0
DA:81,0
DA:82,0
DA:83,0
DA:88,0
DA:96,0
DA:97,0
DA:98,0
DA:99,0
DA:104,0
LF:33
LH:0
BRF:0
BRH:0
end_of_record
TN:
SF:src/infrastructure/web/controllers/ServiceOrderController.ts
FN:30,(anonymous_0)
FN:45,(anonymous_1)
FN:61,(anonymous_2)
FN:71,(anonymous_3)
FN:81,(anonymous_4)
FN:91,(anonymous_5)
FN:108,(anonymous_6)
FN:124,(anonymous_7)
FN:137,(anonymous_8)
FN:149,(anonymous_9)
FN:165,(anonymous_10)
FN:178,(anonymous_11)
FN:191,(anonymous_12)
FNF:13
FNH:0
FNDA:0,(anonymous_0)
FNDA:0,(anonymous_1)
FNDA:0,(anonymous_2)
FNDA:0,(anonymous_3)
FNDA:0,(anonymous_4)
FNDA:0,(anonymous_5)
FNDA:0,(anonymous_6)
FNDA:0,(anonymous_7)
FNDA:0,(anonymous_8)
FNDA:0,(anonymous_9)
FNDA:0,(anonymous_10)
FNDA:0,(anonymous_11)
FNDA:0,(anonymous_12)
DA:2,0
DA:3,0
DA:4,0
DA:5,0
DA:6,0
DA:7,0
DA:8,0
DA:9,0
DA:10,0
DA:11,0
DA:12,0
DA:13,0
DA:16,0
DA:31,0
DA:32,0
DA:33,0
DA:34,0
DA:35,0
DA:36,0
DA:37,0
DA:38,0
DA:39,0
DA:40,0
DA:41,0
DA:42,0
DA:46,0
DA:47,0
DA:48,0
DA:54,0
DA:62,0
DA:63,0
DA:64,0
DA:65,0
DA:67,0
DA:72,0
DA:73,0
DA:74,0
DA:75,0
DA:77,0
DA:82,0
DA:83,0
DA:84,0
DA:85,0
DA:87,0
DA:92,0
DA:93,0
DA:94,0
DA:98,0
DA:104,0
DA:109,0
DA:110,0
DA:114,0
DA:120,0
DA:125,0
DA:126,0
DA:127,0
DA:133,0
DA:138,0
DA:139,0
DA:143,0
DA:145,0
DA:150,0
DA:151,0
DA:155,0
DA:161,0
DA:166,0
DA:167,0
DA:168,0
DA:174,0
DA:179,0
DA:180,0
DA:181,0
DA:187,0
DA:192,0
DA:193,0
DA:194,0
DA:200,0
LF:77
LH:0
BRDA:74,0,0,0
BRDA:74,0,1,0
BRDA:84,1,0,0
BRDA:84,1,1,0
BRF:4
BRH:0
end_of_record
TN:
SF:src/infrastructure/web/controllers/StockController.ts
FN:12,(anonymous_0)
FN:27,(anonymous_1)
FN:42,(anonymous_2)
FN:68,(anonymous_3)
FN:82,(anonymous_4)
FN:106,(anonymous_5)
FNF:6
FNH:0
FNDA:0,(anonymous_0)
FNDA:0,(anonymous_1)
FNDA:0,(anonymous_2)
FNDA:0,(anonymous_3)
FNDA:0,(anonymous_4)
FNDA:0,(anonymous_5)
DA:2,0
DA:4,0
DA:5,0
DA:6,0
DA:7,0
DA:8,0
DA:10,0
DA:13,0
DA:14,0
DA:15,0
DA:17,0
DA:23,0
DA:28,0
DA:29,0
DA:30,0
DA:32,0
DA:38,0
DA:43,0
DA:44,0
DA:46,0
DA:54,0
DA:55,0
DA:57,0
DA:64,0
DA:69,0
DA:70,0
DA:71,0
DA:73,0
DA:78,0
DA:83,0
DA:84,0
DA:86,0
DA:87,0
DA:93,0
DA:94,0
DA:96,0
DA:102,0
DA:107,0
DA:108,0
DA:110,0
DA:111,0
DA:113,0
DA:119,0
LF:43
LH:0
BRDA:47,0,0,0
BRDA:47,0,1,0
BRDA:48,1,0,0
BRDA:48,1,1,0
BRDA:49,2,0,0
BRDA:49,2,1,0
BRDA:50,3,0,0
BRDA:50,3,1,0
BRDA:86,4,0,0
BRDA:86,4,1,0
BRDA:86,5,0,0
BRDA:86,5,1,0
BRDA:86,5,2,0
BRF:13
BRH:0
end_of_record
TN:
SF:src/infrastructure/web/controllers/UserController.ts
FN:7,(anonymous_0)
FN:17,(anonymous_1)
FN:27,(anonymous_2)
FNF:3
FNH:0
FNDA:0,(anonymous_0)
FNDA:0,(anonymous_1)
FNDA:0,(anonymous_2)
DA:2,0
DA:3,0
DA:4,0
DA:6,0
DA:8,0
DA:9,0
DA:10,0
DA:11,0
DA:13,0
DA:18,0
DA:19,0
DA:20,0
DA:21,0
DA:23,0
DA:28,0
DA:29,0
DA:30,0
DA:32,0
DA:33,0
DA:35,0
LF:20
LH:0
BRDA:30,0,0,0
BRDA:30,0,1,0
BRF:2
BRH:0
end_of_record
TN:
SF:src/infrastructure/web/controllers/VehiclesController.ts
FN:10,(anonymous_0)
FN:21,(anonymous_1)
FN:27,(anonymous_2)
FN:36,(anonymous_3)
FN:46,(anonymous_4)
FNF:5
FNH:0
FNDA:0,(anonymous_0)
FNDA:0,(anonymous_1)
FNDA:0,(anonymous_2)
FNDA:0,(anonymous_3)
FNDA:0,(anonymous_4)
DA:2,0
DA:3,0
DA:4,0
DA:5,0
DA:6,0
DA:8,0
DA:11,0
DA:12,0
DA:13,0
DA:14,0
DA:15,0
DA:17,0
DA:22,0
DA:23,0
DA:24,0
DA:28,0
DA:29,0
DA:30,0
DA:31,0
DA:37,0
DA:38,0
DA:39,0
DA:40,0
DA:42,0
DA:47,0
DA:48,0
DA:49,0
DA:50,0
DA:52,0
LF:29
LH:0
BRDA:30,0,0,0
BRDA:30,0,1,0
BRF:2
BRH:0
end_of_record
TN:
SF:src/infrastructure/web/routes/routes.ts
FNF:0
FNH:0
DA:1,0
DA:2,0
DA:3,0
DA:4,0
DA:5,0
DA:6,0
DA:7,0
DA:8,0
DA:9,0
DA:10,0
DA:11,0
DA:12,0
DA:14,0
DA:19,0
DA:20,0
DA:23,0
DA:26,0
DA:29,0
DA:32,0
DA:33,0
DA:36,0
DA:39,0
DA:42,0
DA:43,0
DA:44,0
DA:45,0
DA:46,0
DA:49,0
DA:50,0
DA:51,0
DA:52,0
DA:53,0
DA:54,0
DA:57,0
DA:58,0
DA:59,0
DA:60,0
DA:61,0
DA:62,0
DA:63,0
DA:66,0
DA:67,0
DA:68,0
DA:69,0
DA:70,0
DA:73,0
DA:74,0
DA:75,0
DA:76,0
DA:77,0
DA:80,0
DA:81,0
DA:82,0
DA:83,0
DA:84,0
DA:87,0
DA:88,0
DA:89,0
DA:90,0
DA:91,0
LF:60
LH:0
BRF:0
BRH:0
end_of_record
TN:
SF:src/shared/helpers/api-errors.ts
FN:4,(anonymous_0)
FN:11,(anonymous_1)
FN:17,(anonymous_2)
FN:23,(anonymous_3)
FNF:4
FNH:0
FNDA:0,(anonymous_0)
FNDA:0,(anonymous_1)
FNDA:0,(anonymous_2)
FNDA:0,(anonymous_3)
DA:1,0
DA:5,0
DA:6,0
DA:10,0
DA:12,0
DA:16,0
DA:18,0
DA:22,0
DA:24,0
LF:9
LH:0
BRF:0
BRH:0
end_of_record
TN:
SF:src/shared/helpers/helpers.ts
FN:5,calculateDiagnosticTotal
FN:7,(anonymous_1)
FN:9,(anonymous_2)
FN:13,calculateBudgetFromDiagnostics
FN:14,(anonymous_4)
FN:24,validatePlate
FN:39,validateCPF
FN:56,validateCNPJ
FN:60,(anonymous_8)
FN:61,(anonymous_9)
FN:76,validateDocument
FNF:11
FNH:11
FNDA:2,calculateDiagnosticTotal
FNDA:2,(anonymous_1)
FNDA:2,(anonymous_2)
FNDA:2,calculateBudgetFromDiagnostics
FNDA:1,(anonymous_4)
FNDA:3,validatePlate
FNDA:4,validateCPF
FNDA:1,validateCNPJ
FNDA:2,(anonymous_8)
FNDA:25,(anonymous_9)
FNDA:6,validateDocument
DA:5,2
DA:6,2
DA:7,2
DA:8,2
DA:9,2
DA:10,2
DA:13,2
DA:14,2
DA:15,2
DA:17,2
DA:18,1
DA:21,2
DA:24,2
DA:25,3
DA:27,3
DA:28,3
DA:30,3
DA:31,1
DA:36,2
DA:39,2
DA:40,4
DA:41,4
DA:43,4
DA:44,36
DA:45,4
DA:46,4
DA:47,4
DA:49,4
DA:50,40
DA:51,4
DA:52,4
DA:53,4
DA:56,2
DA:57,1
DA:58,1
DA:60,1
DA:61,25
DA:63,1
DA:64,1
DA:66,1
DA:67,1
DA:69,1
DA:70,1
DA:76,2
DA:77,6
DA:79,6
DA:80,4
DA:81,4
DA:84,2
DA:85,1
DA:86,1
DA:89,1
LF:52
LH:52
BRDA:6,0,0,2
BRDA:6,0,1,0
BRDA:8,1,0,2
BRDA:8,1,1,0
BRDA:14,2,0,2
BRDA:14,2,1,0
BRDA:30,3,0,1
BRDA:30,3,1,2
BRDA:30,4,0,3
BRDA:30,4,1,1
BRDA:41,5,0,0
BRDA:41,5,1,4
BRDA:41,6,0,4
BRDA:41,6,1,4
BRDA:46,7,0,0
BRDA:46,7,1,4
BRDA:46,8,0,4
BRDA:46,8,1,4
BRDA:47,9,0,0
BRDA:47,9,1,4
BRDA:52,10,0,0
BRDA:52,10,1,4
BRDA:52,11,0,4
BRDA:52,11,1,4
BRDA:58,12,0,0
BRDA:58,12,1,1
BRDA:58,13,0,1
BRDA:58,13,1,1
BRDA:67,14,0,0
BRDA:67,14,1,1
BRDA:67,15,0,0
BRDA:67,15,1,1
BRDA:70,16,0,0
BRDA:70,16,1,1
BRDA:79,17,0,4
BRDA:79,17,1,2
BRDA:80,18,0,0
BRDA:80,18,1,4
BRDA:84,19,0,1
BRDA:84,19,1,1
BRDA:85,20,0,0
BRDA:85,20,1,1
BRF:42
BRH:29
end_of_record
TN:
SF:src/shared/validations/clientValidations.ts
FN:14,(anonymous_0)
FN:27,validateCPF
FN:41,validateCNPJ
FN:43,(anonymous_3)
FN:47,(anonymous_4)
FNF:5
FNH:0
FNDA:0,(anonymous_0)
FNDA:0,validateCPF
FNDA:0,validateCNPJ
FNDA:0,(anonymous_3)
FNDA:0,(anonymous_4)
DA:1,0
DA:3,0
DA:15,0
DA:16,0
DA:17,0
DA:18,0
DA:19,0
DA:21,0
DA:23,0
DA:28,0
DA:29,0
DA:30,0
DA:31,0
DA:32,0
DA:33,0
DA:34,0
DA:35,0
DA:36,0
DA:37,0
DA:38,0
DA:42,0
DA:43,0
DA:44,0
DA:45,0
DA:46,0
DA:47,0
DA:48,0
DA:49,0
DA:50,0
DA:52,0
DA:53,0
DA:55,0
LF:32
LH:0
BRDA:16,0,0,0
BRDA:16,0,1,0
BRDA:17,1,0,0
BRDA:17,1,1,0
BRDA:18,2,0,0
BRDA:18,2,1,0
BRDA:19,3,0,0
BRDA:19,3,1,0
BRDA:28,4,0,0
BRDA:28,4,1,0
BRDA:28,5,0,0
BRDA:28,5,1,0
BRDA:28,5,2,0
BRDA:32,6,0,0
BRDA:32,6,1,0
BRDA:32,7,0,0
BRDA:32,7,1,0
BRDA:33,8,0,0
BRDA:33,8,1,0
BRDA:37,9,0,0
BRDA:37,9,1,0
BRDA:37,10,0,0
BRDA:37,10,1,0
BRDA:42,11,0,0
BRDA:42,11,1,0
BRDA:42,12,0,0
BRDA:42,12,1,0
BRDA:42,12,2,0
BRDA:44,13,0,0
BRDA:44,13,1,0
BRDA:49,14,0,0
BRDA:49,14,1,0
BRDA:53,15,0,0
BRDA:53,15,1,0
BRDA:55,16,0,0
BRDA:55,16,1,0
BRF:36
BRH:0
end_of_record
TN:
SF:src/shared/validations/vehicleValidations.ts
FNF:0
FNH:0
DA:1,0
DA:3,0
LF:2
LH:0
BRF:0
BRH:0
end_of_record
